[1.373s] Invoking command in '/home/orin/ros2_ws/build/diffbot_description': CMAKE_PREFIX_PATH=/home/orin/ros2_ws/install/sllidar_ros2:/home/orin/ros2_ws/install/ros2_control_demos:/home/orin/ros2_ws/install/ros2_control_demo_example_9:/home/orin/ros2_ws/install/ros2_control_demo_example_8:/home/orin/ros2_ws/install/ros2_control_demo_example_7:/home/orin/ros2_ws/install/ros2_control_demo_example_6:/home/orin/ros2_ws/install/ros2_control_demo_example_15:/home/orin/ros2_ws/install/ros2_control_demo_example_13:/home/orin/ros2_ws/install/ros2_control_demo_example_5:/home/orin/ros2_ws/install/ros2_control_demo_example_4:/home/orin/ros2_ws/install/ros2_control_demo_example_3:/home/orin/ros2_ws/install/ros2_control_demo_example_2:/home/orin/ros2_ws/install/ros2_control_demo_example_14:/home/orin/ros2_ws/install/ros2_control_demo_example_12:/home/orin/ros2_ws/install/ros2_control_demo_example_11:/home/orin/ros2_ws/install/ros2_control_demo_example_10:/home/orin/ros2_ws/install/ros2_control_demo_example_1:/home/orin/ros2_ws/install/ros2_control_demo_description:/home/orin/ros2_ws/install/my_bot_imu:/home/orin/ros2_ws/install/my_bot_description:/home/orin/ros2_ws/install/wheel_encoder_odometry:/home/orin/ros2_ws/install/ros2_control_demo_testing:/home/orin/ros2_ws/install/launch_testing_examples:/home/orin/ros2_ws/install/hcsr04_sensor:/home/orin/ros2_ws/install/examples_rclpy_pointcloud_publisher:/home/orin/ros2_ws/install/examples_rclpy_minimal_subscriber:/home/orin/ros2_ws/install/examples_rclpy_minimal_service:/home/orin/ros2_ws/install/examples_rclpy_minimal_publisher:/home/orin/ros2_ws/install/examples_rclpy_minimal_client:/home/orin/ros2_ws/install/examples_rclpy_minimal_action_server:/home/orin/ros2_ws/install/examples_rclpy_minimal_action_client:/home/orin/ros2_ws/install/examples_rclpy_guard_conditions:/home/orin/ros2_ws/install/examples_rclpy_executors:/home/orin/ros2_ws/install/encoder_ultrasonic_package:/home/orin/ros2_ws/install/arduino_odometry:/opt/ros/humble:/home/orin/ros2_ws/install/mobile_robot_description:/home/orin/ros2_ws/install/image_geometry:/home/orin/ros2_ws/install/gazebo_dev:/home/orin/ros2_ws/install/examples_rclcpp_wait_set:/home/orin/ros2_ws/install/examples_rclcpp_multithreaded_executor:/home/orin/ros2_ws/install/examples_rclcpp_minimal_timer:/home/orin/ros2_ws/install/examples_rclcpp_minimal_subscriber:/home/orin/ros2_ws/install/examples_rclcpp_minimal_service:/home/orin/ros2_ws/install/examples_rclcpp_minimal_publisher:/home/orin/ros2_ws/install/examples_rclcpp_minimal_composition:/home/orin/ros2_ws/install/examples_rclcpp_minimal_client:/home/orin/ros2_ws/install/examples_rclcpp_minimal_action_server:/home/orin/ros2_ws/install/examples_rclcpp_minimal_action_client:/home/orin/ros2_ws/install/examples_rclcpp_cbg_executor:/home/orin/ros2_ws/install/examples_rclcpp_async_client:/home/orin/ros2_ws/install/diffdrive_arduino:/home/orin/ros2_ws/install/diffbot_description:/home/orin/ros2_ws/install/depthai-ros:/home/orin/ros2_ws/install/depthai_ros_driver:/home/orin/ros2_ws/install/depthai_filters:/home/orin/ros2_ws/install/depthai_examples:/home/orin/ros2_ws/install/depthai_bridge:/home/orin/ros2_ws/install/depthai_ros_msgs:/home/orin/ros2_ws/install/depthai_descriptions:/home/orin/ros2_ws/install/cv_bridge:/home/orin/ros2_ws/install/articubot_one:/home/orin/ros2_ws/install/arduino_serial_comm /usr/bin/cmake /home/orin/ros2_ws/src/diffbot_description -DAMENT_CMAKE_SYMLINK_INSTALL=1 -DCMAKE_INSTALL_PREFIX=/home/orin/ros2_ws/install/diffbot_description
[1.417s] -- Found ament_cmake: 1.3.11 (/opt/ros/humble/share/ament_cmake/cmake)
[1.824s] -- Override CMake install command with custom implementation using symlinks instead of copying resources
[1.881s] -- Found hardware_interface: 2.47.0 (/opt/ros/humble/share/hardware_interface/cmake)
[2.097s] -- Found rosidl_generator_c: 3.1.6 (/opt/ros/humble/share/rosidl_generator_c/cmake)
[2.133s] -- Found rosidl_adapter: 3.1.6 (/opt/ros/humble/share/rosidl_adapter/cmake)
[2.173s] -- Found rosidl_generator_cpp: 3.1.6 (/opt/ros/humble/share/rosidl_generator_cpp/cmake)
[2.232s] -- Using all available rosidl_typesupport_c: rosidl_typesupport_fastrtps_c;rosidl_typesupport_introspection_c
[2.299s] -- Using all available rosidl_typesupport_cpp: rosidl_typesupport_fastrtps_cpp;rosidl_typesupport_introspection_cpp
[3.096s] -- Found rmw_implementation_cmake: 6.1.2 (/opt/ros/humble/share/rmw_implementation_cmake/cmake)
[3.119s] -- Found rmw_fastrtps_cpp: 6.2.7 (/opt/ros/humble/share/rmw_fastrtps_cpp/cmake)
[3.246s] -- Found TinyXML2 via Config file: TinyXML2_DIR-NOTFOUND
[3.506s] -- Found OpenSSL: /usr/lib/aarch64-linux-gnu/libcrypto.so (found version "3.0.2")  
[3.512s] -- Found TinyXML2 via Config file: TinyXML2_DIR-NOTFOUND
[3.583s] -- Found FastRTPS: /opt/ros/humble/include  
[3.583s] -- Found TinyXML2 via Config file: TinyXML2_DIR-NOTFOUND
[3.607s] -- Found TinyXML2 via Config file: TinyXML2_DIR-NOTFOUND
[3.684s] -- Using RMW implementation 'rmw_fastrtps_cpp' as default
[3.761s] -- Looking for C++ include pthread.h
[4.060s] -- Looking for C++ include pthread.h - found
[4.061s] -- Performing Test CMAKE_HAVE_LIBC_PTHREAD
[4.367s] -- Performing Test CMAKE_HAVE_LIBC_PTHREAD - Success
[4.367s] -- Found Threads: TRUE  
[4.595s] -- Found ament_cmake_pytest: 1.3.11 (/opt/ros/humble/share/ament_cmake_pytest/cmake)
[4.840s] -- Configuring done
[4.919s] -- Generating done
[4.940s] -- Build files have been written to: /home/orin/ros2_ws/build/diffbot_description
[4.982s] Invoked command in '/home/orin/ros2_ws/build/diffbot_description' returned '0': CMAKE_PREFIX_PATH=/home/orin/ros2_ws/install/sllidar_ros2:/home/orin/ros2_ws/install/ros2_control_demos:/home/orin/ros2_ws/install/ros2_control_demo_example_9:/home/orin/ros2_ws/install/ros2_control_demo_example_8:/home/orin/ros2_ws/install/ros2_control_demo_example_7:/home/orin/ros2_ws/install/ros2_control_demo_example_6:/home/orin/ros2_ws/install/ros2_control_demo_example_15:/home/orin/ros2_ws/install/ros2_control_demo_example_13:/home/orin/ros2_ws/install/ros2_control_demo_example_5:/home/orin/ros2_ws/install/ros2_control_demo_example_4:/home/orin/ros2_ws/install/ros2_control_demo_example_3:/home/orin/ros2_ws/install/ros2_control_demo_example_2:/home/orin/ros2_ws/install/ros2_control_demo_example_14:/home/orin/ros2_ws/install/ros2_control_demo_example_12:/home/orin/ros2_ws/install/ros2_control_demo_example_11:/home/orin/ros2_ws/install/ros2_control_demo_example_10:/home/orin/ros2_ws/install/ros2_control_demo_example_1:/home/orin/ros2_ws/install/ros2_control_demo_description:/home/orin/ros2_ws/install/my_bot_imu:/home/orin/ros2_ws/install/my_bot_description:/home/orin/ros2_ws/install/wheel_encoder_odometry:/home/orin/ros2_ws/install/ros2_control_demo_testing:/home/orin/ros2_ws/install/launch_testing_examples:/home/orin/ros2_ws/install/hcsr04_sensor:/home/orin/ros2_ws/install/examples_rclpy_pointcloud_publisher:/home/orin/ros2_ws/install/examples_rclpy_minimal_subscriber:/home/orin/ros2_ws/install/examples_rclpy_minimal_service:/home/orin/ros2_ws/install/examples_rclpy_minimal_publisher:/home/orin/ros2_ws/install/examples_rclpy_minimal_client:/home/orin/ros2_ws/install/examples_rclpy_minimal_action_server:/home/orin/ros2_ws/install/examples_rclpy_minimal_action_client:/home/orin/ros2_ws/install/examples_rclpy_guard_conditions:/home/orin/ros2_ws/install/examples_rclpy_executors:/home/orin/ros2_ws/install/encoder_ultrasonic_package:/home/orin/ros2_ws/install/arduino_odometry:/opt/ros/humble:/home/orin/ros2_ws/install/mobile_robot_description:/home/orin/ros2_ws/install/image_geometry:/home/orin/ros2_ws/install/gazebo_dev:/home/orin/ros2_ws/install/examples_rclcpp_wait_set:/home/orin/ros2_ws/install/examples_rclcpp_multithreaded_executor:/home/orin/ros2_ws/install/examples_rclcpp_minimal_timer:/home/orin/ros2_ws/install/examples_rclcpp_minimal_subscriber:/home/orin/ros2_ws/install/examples_rclcpp_minimal_service:/home/orin/ros2_ws/install/examples_rclcpp_minimal_publisher:/home/orin/ros2_ws/install/examples_rclcpp_minimal_composition:/home/orin/ros2_ws/install/examples_rclcpp_minimal_client:/home/orin/ros2_ws/install/examples_rclcpp_minimal_action_server:/home/orin/ros2_ws/install/examples_rclcpp_minimal_action_client:/home/orin/ros2_ws/install/examples_rclcpp_cbg_executor:/home/orin/ros2_ws/install/examples_rclcpp_async_client:/home/orin/ros2_ws/install/diffdrive_arduino:/home/orin/ros2_ws/install/diffbot_description:/home/orin/ros2_ws/install/depthai-ros:/home/orin/ros2_ws/install/depthai_ros_driver:/home/orin/ros2_ws/install/depthai_filters:/home/orin/ros2_ws/install/depthai_examples:/home/orin/ros2_ws/install/depthai_bridge:/home/orin/ros2_ws/install/depthai_ros_msgs:/home/orin/ros2_ws/install/depthai_descriptions:/home/orin/ros2_ws/install/cv_bridge:/home/orin/ros2_ws/install/articubot_one:/home/orin/ros2_ws/install/arduino_serial_comm /usr/bin/cmake /home/orin/ros2_ws/src/diffbot_description -DAMENT_CMAKE_SYMLINK_INSTALL=1 -DCMAKE_INSTALL_PREFIX=/home/orin/ros2_ws/install/diffbot_description
[4.983s] Invoking command in '/home/orin/ros2_ws/build/diffbot_description': CMAKE_PREFIX_PATH=/home/orin/ros2_ws/install/sllidar_ros2:/home/orin/ros2_ws/install/ros2_control_demos:/home/orin/ros2_ws/install/ros2_control_demo_example_9:/home/orin/ros2_ws/install/ros2_control_demo_example_8:/home/orin/ros2_ws/install/ros2_control_demo_example_7:/home/orin/ros2_ws/install/ros2_control_demo_example_6:/home/orin/ros2_ws/install/ros2_control_demo_example_15:/home/orin/ros2_ws/install/ros2_control_demo_example_13:/home/orin/ros2_ws/install/ros2_control_demo_example_5:/home/orin/ros2_ws/install/ros2_control_demo_example_4:/home/orin/ros2_ws/install/ros2_control_demo_example_3:/home/orin/ros2_ws/install/ros2_control_demo_example_2:/home/orin/ros2_ws/install/ros2_control_demo_example_14:/home/orin/ros2_ws/install/ros2_control_demo_example_12:/home/orin/ros2_ws/install/ros2_control_demo_example_11:/home/orin/ros2_ws/install/ros2_control_demo_example_10:/home/orin/ros2_ws/install/ros2_control_demo_example_1:/home/orin/ros2_ws/install/ros2_control_demo_description:/home/orin/ros2_ws/install/my_bot_imu:/home/orin/ros2_ws/install/my_bot_description:/home/orin/ros2_ws/install/wheel_encoder_odometry:/home/orin/ros2_ws/install/ros2_control_demo_testing:/home/orin/ros2_ws/install/launch_testing_examples:/home/orin/ros2_ws/install/hcsr04_sensor:/home/orin/ros2_ws/install/examples_rclpy_pointcloud_publisher:/home/orin/ros2_ws/install/examples_rclpy_minimal_subscriber:/home/orin/ros2_ws/install/examples_rclpy_minimal_service:/home/orin/ros2_ws/install/examples_rclpy_minimal_publisher:/home/orin/ros2_ws/install/examples_rclpy_minimal_client:/home/orin/ros2_ws/install/examples_rclpy_minimal_action_server:/home/orin/ros2_ws/install/examples_rclpy_minimal_action_client:/home/orin/ros2_ws/install/examples_rclpy_guard_conditions:/home/orin/ros2_ws/install/examples_rclpy_executors:/home/orin/ros2_ws/install/encoder_ultrasonic_package:/home/orin/ros2_ws/install/arduino_odometry:/opt/ros/humble:/home/orin/ros2_ws/install/mobile_robot_description:/home/orin/ros2_ws/install/image_geometry:/home/orin/ros2_ws/install/gazebo_dev:/home/orin/ros2_ws/install/examples_rclcpp_wait_set:/home/orin/ros2_ws/install/examples_rclcpp_multithreaded_executor:/home/orin/ros2_ws/install/examples_rclcpp_minimal_timer:/home/orin/ros2_ws/install/examples_rclcpp_minimal_subscriber:/home/orin/ros2_ws/install/examples_rclcpp_minimal_service:/home/orin/ros2_ws/install/examples_rclcpp_minimal_publisher:/home/orin/ros2_ws/install/examples_rclcpp_minimal_composition:/home/orin/ros2_ws/install/examples_rclcpp_minimal_client:/home/orin/ros2_ws/install/examples_rclcpp_minimal_action_server:/home/orin/ros2_ws/install/examples_rclcpp_minimal_action_client:/home/orin/ros2_ws/install/examples_rclcpp_cbg_executor:/home/orin/ros2_ws/install/examples_rclcpp_async_client:/home/orin/ros2_ws/install/diffdrive_arduino:/home/orin/ros2_ws/install/diffbot_description:/home/orin/ros2_ws/install/depthai-ros:/home/orin/ros2_ws/install/depthai_ros_driver:/home/orin/ros2_ws/install/depthai_filters:/home/orin/ros2_ws/install/depthai_examples:/home/orin/ros2_ws/install/depthai_bridge:/home/orin/ros2_ws/install/depthai_ros_msgs:/home/orin/ros2_ws/install/depthai_descriptions:/home/orin/ros2_ws/install/cv_bridge:/home/orin/ros2_ws/install/articubot_one:/home/orin/ros2_ws/install/arduino_serial_comm /usr/bin/cmake --build /home/orin/ros2_ws/build/diffbot_description -- -j6 -l6
[5.175s] [ 50%] [32mBuilding CXX object CMakeFiles/diffbot_description.dir/hardware/diffbot_system.cpp.o[0m
[12.986s] [01m[K/home/orin/ros2_ws/src/diffbot_description/hardware/diffbot_system.cpp:28:21:[m[K [01;31m[Kerror: [m[Kâ€˜[01m[KCallbackReturn[m[Kâ€™ in namespace â€˜[01m[Khardware_interface[m[Kâ€™ does not name a type
[12.987s]    28 | hardware_interface::[01;31m[KCallbackReturn[m[K DiffDriveArduinoHardware::on_init(
[12.988s]       |                     [01;31m[K^~~~~~~~~~~~~~[m[K
[12.988s] [01m[K/home/orin/ros2_ws/src/diffbot_description/hardware/diffbot_system.cpp:115:33:[m[K [01;31m[Kerror: [m[Kâ€˜[01m[KStateInterface[m[Kâ€™ is not a member of â€˜[01m[Khardware_interface[m[Kâ€™
[12.988s]   115 | std::vector<hardware_interface::[01;31m[KStateInterface[m[K> DiffDriveArduinoHardware::export_state_interfaces()
[12.988s]       |                                 [01;31m[K^~~~~~~~~~~~~~[m[K
[12.988s] [01m[K/home/orin/ros2_ws/src/diffbot_description/hardware/diffbot_system.cpp:115:47:[m[K [01;31m[Kerror: [m[Ktemplate argument 1 is invalid
[12.989s]   115 | std::vector<hardware_interface::StateInterface[01;31m[K>[m[K DiffDriveArduinoHardware::export_state_interfaces()
[12.989s]       |                                               [01;31m[K^[m[K
[12.989s] [01m[K/home/orin/ros2_ws/src/diffbot_description/hardware/diffbot_system.cpp:115:47:[m[K [01;31m[Kerror: [m[Ktemplate argument 2 is invalid
[12.989s] [01m[K/home/orin/ros2_ws/src/diffbot_description/hardware/diffbot_system.cpp:115:49:[m[K [01;31m[Kerror: [m[Kâ€˜[01m[KDiffDriveArduinoHardware[m[Kâ€™ has not been declared
[12.989s]   115 | std::vector<hardware_interface::StateInterface> [01;31m[KDiffDriveArduinoHardware[m[K::export_state_interfaces()
[12.992s]       |                                                 [01;31m[K^~~~~~~~~~~~~~~~~~~~~~~~[m[K
[12.992s] [01m[K/home/orin/ros2_ws/src/diffbot_description/hardware/diffbot_system.cpp:[m[K In function â€˜[01m[Kint diffbot_description::export_state_interfaces()[m[Kâ€™:
[12.992s] [01m[K/home/orin/ros2_ws/src/diffbot_description/hardware/diffbot_system.cpp:117:35:[m[K [01;31m[Kerror: [m[Kâ€˜[01m[KStateInterface[m[Kâ€™ is not a member of â€˜[01m[Khardware_interface[m[Kâ€™
[12.993s]   117 |   std::vector<hardware_interface::[01;31m[KStateInterface[m[K> state_interfaces;
[12.993s]       |                                   [01;31m[K^~~~~~~~~~~~~~[m[K
[12.993s] [01m[K/home/orin/ros2_ws/src/diffbot_description/hardware/diffbot_system.cpp:117:49:[m[K [01;31m[Kerror: [m[Ktemplate argument 1 is invalid
[12.993s]   117 |   std::vector<hardware_interface::StateInterface[01;31m[K>[m[K state_interfaces;
[12.993s]       |                                                 [01;31m[K^[m[K
[12.993s] [01m[K/home/orin/ros2_ws/src/diffbot_description/hardware/diffbot_system.cpp:117:49:[m[K [01;31m[Kerror: [m[Ktemplate argument 2 is invalid
[12.993s] [01m[K/home/orin/ros2_ws/src/diffbot_description/hardware/diffbot_system.cpp:119:20:[m[K [01;31m[Kerror: [m[Krequest for member â€˜[01m[Kemplace_back[m[Kâ€™ in â€˜[01m[Kstate_interfaces[m[Kâ€™, which is of non-class type â€˜[01m[Kint[m[Kâ€™
[12.994s]   119 |   state_interfaces.[01;31m[Kemplace_back[m[K(hardware_interface::StateInterface(
[12.994s]       |                    [01;31m[K^~~~~~~~~~~~[m[K
[12.994s] [01m[K/home/orin/ros2_ws/src/diffbot_description/hardware/diffbot_system.cpp:119:53:[m[K [01;31m[Kerror: [m[Kâ€˜[01m[KStateInterface[m[Kâ€™ is not a member of â€˜[01m[Khardware_interface[m[Kâ€™
[12.994s]   119 |   state_interfaces.emplace_back(hardware_interface::[01;31m[KStateInterface[m[K(
[12.994s]       |                                                     [01;31m[K^~~~~~~~~~~~~~[m[K
[13.003s] [01m[K/home/orin/ros2_ws/src/diffbot_description/hardware/diffbot_system.cpp:120:5:[m[K [01;31m[Kerror: [m[Kâ€˜[01m[Kwheel_l_[m[Kâ€™ was not declared in this scope
[13.004s]   120 |     [01;31m[Kwheel_l_[m[K.name, hardware_interface::HW_IF_POSITION, &wheel_l_.pos));
[13.004s]       |     [01;31m[K^~~~~~~~[m[K
[13.005s] [01m[K/home/orin/ros2_ws/src/diffbot_description/hardware/diffbot_system.cpp:121:20:[m[K [01;31m[Kerror: [m[Krequest for member â€˜[01m[Kemplace_back[m[Kâ€™ in â€˜[01m[Kstate_interfaces[m[Kâ€™, which is of non-class type â€˜[01m[Kint[m[Kâ€™
[13.007s]   121 |   state_interfaces.[01;31m[Kemplace_back[m[K(hardware_interface::StateInterface(
[13.007s]       |                    [01;31m[K^~~~~~~~~~~~[m[K
[13.007s] [01m[K/home/orin/ros2_ws/src/diffbot_description/hardware/diffbot_system.cpp:121:53:[m[K [01;31m[Kerror: [m[Kâ€˜[01m[KStateInterface[m[Kâ€™ is not a member of â€˜[01m[Khardware_interface[m[Kâ€™
[13.007s]   121 |   state_interfaces.emplace_back(hardware_interface::[01;31m[KStateInterface[m[K(
[13.008s]       |                                                     [01;31m[K^~~~~~~~~~~~~~[m[K
[13.008s] [01m[K/home/orin/ros2_ws/src/diffbot_description/hardware/diffbot_system.cpp:124:20:[m[K [01;31m[Kerror: [m[Krequest for member â€˜[01m[Kemplace_back[m[Kâ€™ in â€˜[01m[Kstate_interfaces[m[Kâ€™, which is of non-class type â€˜[01m[Kint[m[Kâ€™
[13.008s]   124 |   state_interfaces.[01;31m[Kemplace_back[m[K(hardware_interface::StateInterface(
[13.008s]       |                    [01;31m[K^~~~~~~~~~~~[m[K
[13.014s] [01m[K/home/orin/ros2_ws/src/diffbot_description/hardware/diffbot_system.cpp:124:53:[m[K [01;31m[Kerror: [m[Kâ€˜[01m[KStateInterface[m[Kâ€™ is not a member of â€˜[01m[Khardware_interface[m[Kâ€™
[13.014s]   124 |   state_interfaces.emplace_back(hardware_interface::[01;31m[KStateInterface[m[K(
[13.014s]       |                                                     [01;31m[K^~~~~~~~~~~~~~[m[K
[13.020s] [01m[K/home/orin/ros2_ws/src/diffbot_description/hardware/diffbot_system.cpp:125:5:[m[K [01;31m[Kerror: [m[Kâ€˜[01m[Kwheel_r_[m[Kâ€™ was not declared in this scope
[13.020s]   125 |     [01;31m[Kwheel_r_[m[K.name, hardware_interface::HW_IF_POSITION, &wheel_r_.pos));
[13.020s]       |     [01;31m[K^~~~~~~~[m[K
[13.021s] [01m[K/home/orin/ros2_ws/src/diffbot_description/hardware/diffbot_system.cpp:126:20:[m[K [01;31m[Kerror: [m[Krequest for member â€˜[01m[Kemplace_back[m[Kâ€™ in â€˜[01m[Kstate_interfaces[m[Kâ€™, which is of non-class type â€˜[01m[Kint[m[Kâ€™
[13.021s]   126 |   state_interfaces.[01;31m[Kemplace_back[m[K(hardware_interface::StateInterface(
[13.021s]       |                    [01;31m[K^~~~~~~~~~~~[m[K
[13.022s] [01m[K/home/orin/ros2_ws/src/diffbot_description/hardware/diffbot_system.cpp:126:53:[m[K [01;31m[Kerror: [m[Kâ€˜[01m[KStateInterface[m[Kâ€™ is not a member of â€˜[01m[Khardware_interface[m[Kâ€™
[13.022s]   126 |   state_interfaces.emplace_back(hardware_interface::[01;31m[KStateInterface[m[K(
[13.022s]       |                                                     [01;31m[K^~~~~~~~~~~~~~[m[K
[13.023s] [01m[K/home/orin/ros2_ws/src/diffbot_description/hardware/diffbot_system.cpp:[m[K At global scope:
[13.023s] [01m[K/home/orin/ros2_ws/src/diffbot_description/hardware/diffbot_system.cpp:132:33:[m[K [01;31m[Kerror: [m[Kâ€˜[01m[KCommandInterface[m[Kâ€™ is not a member of â€˜[01m[Khardware_interface[m[Kâ€™
[13.023s]   132 | std::vector<hardware_interface::[01;31m[KCommandInterface[m[K> DiffDriveArduinoHardware::export_command_interfaces()
[13.024s]       |                                 [01;31m[K^~~~~~~~~~~~~~~~[m[K
[13.024s] [01m[K/home/orin/ros2_ws/src/diffbot_description/hardware/diffbot_system.cpp:132:49:[m[K [01;31m[Kerror: [m[Ktemplate argument 1 is invalid
[13.024s]   132 | std::vector<hardware_interface::CommandInterface[01;31m[K>[m[K DiffDriveArduinoHardware::export_command_interfaces()
[13.024s]       |                                                 [01;31m[K^[m[K
[13.024s] [01m[K/home/orin/ros2_ws/src/diffbot_description/hardware/diffbot_system.cpp:132:49:[m[K [01;31m[Kerror: [m[Ktemplate argument 2 is invalid
[13.025s] [01m[K/home/orin/ros2_ws/src/diffbot_description/hardware/diffbot_system.cpp:132:51:[m[K [01;31m[Kerror: [m[Kâ€˜[01m[KDiffDriveArduinoHardware[m[Kâ€™ has not been declared
[13.028s]   132 | std::vector<hardware_interface::CommandInterface> [01;31m[KDiffDriveArduinoHardware[m[K::export_command_interfaces()
[13.028s]       |                                                   [01;31m[K^~~~~~~~~~~~~~~~~~~~~~~~[m[K
[13.029s] [01m[K/home/orin/ros2_ws/src/diffbot_description/hardware/diffbot_system.cpp:[m[K In function â€˜[01m[Kint diffbot_description::export_command_interfaces()[m[Kâ€™:
[13.029s] [01m[K/home/orin/ros2_ws/src/diffbot_description/hardware/diffbot_system.cpp:134:35:[m[K [01;31m[Kerror: [m[Kâ€˜[01m[KCommandInterface[m[Kâ€™ is not a member of â€˜[01m[Khardware_interface[m[Kâ€™
[13.029s]   134 |   std::vector<hardware_interface::[01;31m[KCommandInterface[m[K> command_interfaces;
[13.029s]       |                                   [01;31m[K^~~~~~~~~~~~~~~~[m[K
[13.029s] [01m[K/home/orin/ros2_ws/src/diffbot_description/hardware/diffbot_system.cpp:134:51:[m[K [01;31m[Kerror: [m[Ktemplate argument 1 is invalid
[13.029s]   134 |   std::vector<hardware_interface::CommandInterface[01;31m[K>[m[K command_interfaces;
[13.030s]       |                                                   [01;31m[K^[m[K
[13.030s] [01m[K/home/orin/ros2_ws/src/diffbot_description/hardware/diffbot_system.cpp:134:51:[m[K [01;31m[Kerror: [m[Ktemplate argument 2 is invalid
[13.030s] [01m[K/home/orin/ros2_ws/src/diffbot_description/hardware/diffbot_system.cpp:136:22:[m[K [01;31m[Kerror: [m[Krequest for member â€˜[01m[Kemplace_back[m[Kâ€™ in â€˜[01m[Kcommand_interfaces[m[Kâ€™, which is of non-class type â€˜[01m[Kint[m[Kâ€™
[13.030s]   136 |   command_interfaces.[01;31m[Kemplace_back[m[K(hardware_interface::CommandInterface(
[13.030s]       |                      [01;31m[K^~~~~~~~~~~~[m[K
[13.030s] [01m[K/home/orin/ros2_ws/src/diffbot_description/hardware/diffbot_system.cpp:136:55:[m[K [01;31m[Kerror: [m[Kâ€˜[01m[KCommandInterface[m[Kâ€™ is not a member of â€˜[01m[Khardware_interface[m[Kâ€™
[13.030s]   136 |   command_interfaces.emplace_back(hardware_interface::[01;31m[KCommandInterface[m[K(
[13.030s]       |                                                       [01;31m[K^~~~~~~~~~~~~~~~[m[K
[13.040s] [01m[K/home/orin/ros2_ws/src/diffbot_description/hardware/diffbot_system.cpp:137:5:[m[K [01;31m[Kerror: [m[Kâ€˜[01m[Kwheel_l_[m[Kâ€™ was not declared in this scope
[13.041s]   137 |     [01;31m[Kwheel_l_[m[K.name, hardware_interface::HW_IF_VELOCITY, &wheel_l_.cmd));
[13.041s]       |     [01;31m[K^~~~~~~~[m[K
[13.041s] [01m[K/home/orin/ros2_ws/src/diffbot_description/hardware/diffbot_system.cpp:139:22:[m[K [01;31m[Kerror: [m[Krequest for member â€˜[01m[Kemplace_back[m[Kâ€™ in â€˜[01m[Kcommand_interfaces[m[Kâ€™, which is of non-class type â€˜[01m[Kint[m[Kâ€™
[13.041s]   139 |   command_interfaces.[01;31m[Kemplace_back[m[K(hardware_interface::CommandInterface(
[13.041s]       |                      [01;31m[K^~~~~~~~~~~~[m[K
[13.042s] [01m[K/home/orin/ros2_ws/src/diffbot_description/hardware/diffbot_system.cpp:139:55:[m[K [01;31m[Kerror: [m[Kâ€˜[01m[KCommandInterface[m[Kâ€™ is not a member of â€˜[01m[Khardware_interface[m[Kâ€™
[13.042s]   139 |   command_interfaces.emplace_back(hardware_interface::[01;31m[KCommandInterface[m[K(
[13.042s]       |                                                       [01;31m[K^~~~~~~~~~~~~~~~[m[K
[13.053s] [01m[K/home/orin/ros2_ws/src/diffbot_description/hardware/diffbot_system.cpp:140:5:[m[K [01;31m[Kerror: [m[Kâ€˜[01m[Kwheel_r_[m[Kâ€™ was not declared in this scope
[13.053s]   140 |     [01;31m[Kwheel_r_[m[K.name, hardware_interface::HW_IF_VELOCITY, &wheel_r_.cmd));
[13.053s]       |     [01;31m[K^~~~~~~~[m[K
[13.053s] [01m[K/home/orin/ros2_ws/src/diffbot_description/hardware/diffbot_system.cpp:[m[K At global scope:
[13.053s] [01m[K/home/orin/ros2_ws/src/diffbot_description/hardware/diffbot_system.cpp:145:21:[m[K [01;31m[Kerror: [m[Kâ€˜[01m[KCallbackReturn[m[Kâ€™ in namespace â€˜[01m[Khardware_interface[m[Kâ€™ does not name a type
[13.053s]   145 | hardware_interface::[01;31m[KCallbackReturn[m[K DiffDriveArduinoHardware::on_configure(
[13.054s]       |                     [01;31m[K^~~~~~~~~~~~~~[m[K
[13.054s] [01m[K/home/orin/ros2_ws/src/diffbot_description/hardware/diffbot_system.cpp:159:21:[m[K [01;31m[Kerror: [m[Kâ€˜[01m[KCallbackReturn[m[Kâ€™ in namespace â€˜[01m[Khardware_interface[m[Kâ€™ does not name a type
[13.054s]   159 | hardware_interface::[01;31m[KCallbackReturn[m[K DiffDriveArduinoHardware::on_cleanup(
[13.054s]       |                     [01;31m[K^~~~~~~~~~~~~~[m[K
[13.054s] [01m[K/home/orin/ros2_ws/src/diffbot_description/hardware/diffbot_system.cpp:173:21:[m[K [01;31m[Kerror: [m[Kâ€˜[01m[KCallbackReturn[m[Kâ€™ in namespace â€˜[01m[Khardware_interface[m[Kâ€™ does not name a type
[13.054s]   173 | hardware_interface::[01;31m[KCallbackReturn[m[K DiffDriveArduinoHardware::on_activate(
[13.054s]       |                     [01;31m[K^~~~~~~~~~~~~~[m[K
[13.054s] [01m[K/home/orin/ros2_ws/src/diffbot_description/hardware/diffbot_system.cpp:190:21:[m[K [01;31m[Kerror: [m[Kâ€˜[01m[KCallbackReturn[m[Kâ€™ in namespace â€˜[01m[Khardware_interface[m[Kâ€™ does not name a type
[13.055s]   190 | hardware_interface::[01;31m[KCallbackReturn[m[K DiffDriveArduinoHardware::on_deactivate(
[13.055s]       |                     [01;31m[K^~~~~~~~~~~~~~[m[K
[13.055s] [01m[K/home/orin/ros2_ws/src/diffbot_description/hardware/diffbot_system.cpp:199:21:[m[K [01;31m[Kerror: [m[Kâ€˜[01m[Kreturn_type[m[Kâ€™ in namespace â€˜[01m[Khardware_interface[m[Kâ€™ does not name a type
[13.055s]   199 | hardware_interface::[01;31m[Kreturn_type[m[K DiffDriveArduinoHardware::read(
[13.055s]       |                     [01;31m[K^~~~~~~~~~~[m[K
[13.055s] [01m[K/home/orin/ros2_ws/src/diffbot_description/hardware/diffbot_system.cpp:222:21:[m[K [01;31m[Kerror: [m[Kâ€˜[01m[Kreturn_type[m[Kâ€™ in namespace â€˜[01m[Khardware_interface[m[Kâ€™ does not name a type
[13.060s]   222 | hardware_interface::[01;31m[Kreturn_type[m[K diffbot_description ::DiffDriveArduinoHardware::write(
[13.060s]       |                     [01;31m[K^~~~~~~~~~~[m[K
[13.085s] In file included from [01m[K/opt/ros/humble/include/class_loader/class_loader/class_loader.hpp:56[m[K,
[13.085s]                  from [01m[K/opt/ros/humble/include/pluginlib/pluginlib/class_list_macros.hpp:40[m[K,
[13.085s]                  from [01m[K/home/orin/ros2_ws/src/diffbot_description/hardware/diffbot_system.cpp:238[m[K:
[13.085s] [01m[K/home/orin/ros2_ws/src/diffbot_description/hardware/diffbot_system.cpp:240:24:[m[K [01;31m[Kerror: [m[Kâ€˜[01m[KDiffDriveArduinoHardware[m[Kâ€™ in namespace â€˜[01m[Kdiffbot_description[m[Kâ€™ does not name a type
[13.086s]   240 |   diffbot_description::[01;31m[KDiffDriveArduinoHardware[m[K, hardware_interface::SystemInterface)
[13.086s]       |                        [01;31m[K^~~~~~~~~~~~~~~~~~~~~~~~[m[K
[13.086s] [01m[K/home/orin/ros2_ws/src/diffbot_description/hardware/diffbot_system.cpp:240:70:[m[K [01;31m[Kerror: [m[Kâ€˜[01m[KSystemInterface[m[Kâ€™ in namespace â€˜[01m[Khardware_interface[m[Kâ€™ does not name a type
[13.088s]   240 | _description::DiffDriveArduinoHardware, hardware_interface::[01;31m[KSystemInterface[m[K)
[13.088s]       |                                                             [01;31m[K^~~~~~~~~~~~~~~[m[K
[13.088s] 
[13.109s] [01m[K/home/orin/ros2_ws/src/diffbot_description/hardware/diffbot_system.cpp:[m[K In constructor â€˜[01m[K{anonymous}::ProxyExec0::ProxyExec0()[m[Kâ€™:
[13.110s] [01m[K/home/orin/ros2_ws/src/diffbot_description/hardware/diffbot_system.cpp:239:1:[m[K [01;31m[Kerror: [m[Kâ€˜[01m[K_derived[m[Kâ€™ was not declared in this scope
[13.110s]   239 | [01;31m[KPLUGINLIB_EXPORT_CLASS[m[K(
[13.110s]       | [01;31m[K^~~~~~~~~~~~~~~~~~~~~~[m[K
[13.126s] [01m[K/home/orin/ros2_ws/src/diffbot_description/hardware/diffbot_system.cpp:239:1:[m[K [01;31m[Kerror: [m[Kâ€˜[01m[K_base[m[Kâ€™ was not declared in this scope
[13.127s]   239 | [01;31m[KPLUGINLIB_EXPORT_CLASS[m[K(
[13.127s]       | [01;31m[K^~~~~~~~~~~~~~~~~~~~~~[m[K
[13.127s] [01m[K/home/orin/ros2_ws/src/diffbot_description/hardware/diffbot_system.cpp:239:1:[m[K [01;31m[Kerror: [m[Kno matching function for call to â€˜[01m[KregisterPlugin<<expression error>, <expression error> >(const char [46], const char [36])[m[Kâ€™
[13.128s]   239 | [01;31m[KPLUGINLIB_EXPORT_CLASS[m[K(
[13.128s]       | [01;31m[K^~~~~~~~~~~~~~~~~~~~~~[m[K
[13.128s] In file included from [01m[K/opt/ros/humble/include/class_loader/class_loader/class_loader.hpp:55[m[K,
[13.128s]                  from [01m[K/opt/ros/humble/include/pluginlib/pluginlib/class_list_macros.hpp:40[m[K,
[13.128s]                  from [01m[K/home/orin/ros2_ws/src/diffbot_description/hardware/diffbot_system.cpp:238[m[K:
[13.129s] [01m[K/opt/ros/humble/include/class_loader/class_loader/class_loader_core.hpp:210:6:[m[K [01;36m[Knote: [m[Kcandidate: â€˜[01m[Ktemplate<class Derived, class Base> void class_loader::impl::registerPlugin(const string&, const string&)[m[Kâ€™
[13.129s]   210 | void [01;36m[KregisterPlugin[m[K(const std::string & class_name, const std::string & base_class_name)
[13.129s]       |      [01;36m[K^~~~~~~~~~~~~~[m[K
[13.129s] [01m[K/opt/ros/humble/include/class_loader/class_loader/class_loader_core.hpp:210:6:[m[K [01;36m[Knote: [m[K  template argument deduction/substitution failed:
[13.129s] In file included from [01m[K/opt/ros/humble/include/class_loader/class_loader/class_loader.hpp:56[m[K,
[13.129s]                  from [01m[K/opt/ros/humble/include/pluginlib/pluginlib/class_list_macros.hpp:40[m[K,
[13.129s]                  from [01m[K/home/orin/ros2_ws/src/diffbot_description/hardware/diffbot_system.cpp:238[m[K:
[13.129s] [01m[K/home/orin/ros2_ws/src/diffbot_description/hardware/diffbot_system.cpp:239:1:[m[K [01;31m[Kerror: [m[Ktemplate argument 1 is invalid
[13.130s]   239 | [01;31m[KPLUGINLIB_EXPORT_CLASS[m[K(
[13.130s]       | [01;31m[K^~~~~~~~~~~~~~~~~~~~~~[m[K
[13.130s] [01m[K/home/orin/ros2_ws/src/diffbot_description/hardware/diffbot_system.cpp:239:1:[m[K [01;31m[Kerror: [m[Ktemplate argument 2 is invalid
[14.414s] gmake[2]: *** [CMakeFiles/diffbot_description.dir/build.make:76: CMakeFiles/diffbot_description.dir/hardware/diffbot_system.cpp.o] Error 1
[14.414s] gmake[1]: *** [CMakeFiles/Makefile2:137: CMakeFiles/diffbot_description.dir/all] Error 2
[14.414s] gmake: *** [Makefile:146: all] Error 2
[15.181s] Invoked command in '/home/orin/ros2_ws/build/diffbot_description' returned '2': CMAKE_PREFIX_PATH=/home/orin/ros2_ws/install/sllidar_ros2:/home/orin/ros2_ws/install/ros2_control_demos:/home/orin/ros2_ws/install/ros2_control_demo_example_9:/home/orin/ros2_ws/install/ros2_control_demo_example_8:/home/orin/ros2_ws/install/ros2_control_demo_example_7:/home/orin/ros2_ws/install/ros2_control_demo_example_6:/home/orin/ros2_ws/install/ros2_control_demo_example_15:/home/orin/ros2_ws/install/ros2_control_demo_example_13:/home/orin/ros2_ws/install/ros2_control_demo_example_5:/home/orin/ros2_ws/install/ros2_control_demo_example_4:/home/orin/ros2_ws/install/ros2_control_demo_example_3:/home/orin/ros2_ws/install/ros2_control_demo_example_2:/home/orin/ros2_ws/install/ros2_control_demo_example_14:/home/orin/ros2_ws/install/ros2_control_demo_example_12:/home/orin/ros2_ws/install/ros2_control_demo_example_11:/home/orin/ros2_ws/install/ros2_control_demo_example_10:/home/orin/ros2_ws/install/ros2_control_demo_example_1:/home/orin/ros2_ws/install/ros2_control_demo_description:/home/orin/ros2_ws/install/my_bot_imu:/home/orin/ros2_ws/install/my_bot_description:/home/orin/ros2_ws/install/wheel_encoder_odometry:/home/orin/ros2_ws/install/ros2_control_demo_testing:/home/orin/ros2_ws/install/launch_testing_examples:/home/orin/ros2_ws/install/hcsr04_sensor:/home/orin/ros2_ws/install/examples_rclpy_pointcloud_publisher:/home/orin/ros2_ws/install/examples_rclpy_minimal_subscriber:/home/orin/ros2_ws/install/examples_rclpy_minimal_service:/home/orin/ros2_ws/install/examples_rclpy_minimal_publisher:/home/orin/ros2_ws/install/examples_rclpy_minimal_client:/home/orin/ros2_ws/install/examples_rclpy_minimal_action_server:/home/orin/ros2_ws/install/examples_rclpy_minimal_action_client:/home/orin/ros2_ws/install/examples_rclpy_guard_conditions:/home/orin/ros2_ws/install/examples_rclpy_executors:/home/orin/ros2_ws/install/encoder_ultrasonic_package:/home/orin/ros2_ws/install/arduino_odometry:/opt/ros/humble:/home/orin/ros2_ws/install/mobile_robot_description:/home/orin/ros2_ws/install/image_geometry:/home/orin/ros2_ws/install/gazebo_dev:/home/orin/ros2_ws/install/examples_rclcpp_wait_set:/home/orin/ros2_ws/install/examples_rclcpp_multithreaded_executor:/home/orin/ros2_ws/install/examples_rclcpp_minimal_timer:/home/orin/ros2_ws/install/examples_rclcpp_minimal_subscriber:/home/orin/ros2_ws/install/examples_rclcpp_minimal_service:/home/orin/ros2_ws/install/examples_rclcpp_minimal_publisher:/home/orin/ros2_ws/install/examples_rclcpp_minimal_composition:/home/orin/ros2_ws/install/examples_rclcpp_minimal_client:/home/orin/ros2_ws/install/examples_rclcpp_minimal_action_server:/home/orin/ros2_ws/install/examples_rclcpp_minimal_action_client:/home/orin/ros2_ws/install/examples_rclcpp_cbg_executor:/home/orin/ros2_ws/install/examples_rclcpp_async_client:/home/orin/ros2_ws/install/diffdrive_arduino:/home/orin/ros2_ws/install/diffbot_description:/home/orin/ros2_ws/install/depthai-ros:/home/orin/ros2_ws/install/depthai_ros_driver:/home/orin/ros2_ws/install/depthai_filters:/home/orin/ros2_ws/install/depthai_examples:/home/orin/ros2_ws/install/depthai_bridge:/home/orin/ros2_ws/install/depthai_ros_msgs:/home/orin/ros2_ws/install/depthai_descriptions:/home/orin/ros2_ws/install/cv_bridge:/home/orin/ros2_ws/install/articubot_one:/home/orin/ros2_ws/install/arduino_serial_comm /usr/bin/cmake --build /home/orin/ros2_ws/build/diffbot_description -- -j6 -l6
