[01m[K/home/orin/ros2_ws/src/ros2_control_custom_hardware_interface/motor_controller/motor_controller/src/arduino_interface.cpp:[m[K In member function â€˜[01m[Kvirtual arduino_controller::CallbackReturn arduino_controller::ArduinoInterface::on_init(const hardware_interface::HardwareInfo&)[m[Kâ€™:
[01m[K/home/orin/ros2_ws/src/ros2_control_custom_hardware_interface/motor_controller/motor_controller/src/arduino_interface.cpp:52:3:[m[K [01;31m[Kerror: [m[Kâ€˜[01m[Knode_[m[Kâ€™ was not declared in this scope; did you mean â€˜[01m[Kmode_t[m[Kâ€™?
   52 |   [01;31m[Knode_[m[K = std::make_shared<rclcpp::Node>("velocity_publisher_node");
      |   [01;31m[K^~~~~[m[K
      |   [32m[Kmode_t[m[K
[01m[K/home/orin/ros2_ws/src/ros2_control_custom_hardware_interface/motor_controller/motor_controller/src/arduino_interface.cpp:53:3:[m[K [01;31m[Kerror: [m[Kâ€˜[01m[Kpublisher_[m[Kâ€™ was not declared in this scope; did you mean â€˜[01m[Krmw_publisher_t[m[Kâ€™?
   53 |   [01;31m[Kpublisher_[m[K = node_->create_publisher<std_msgs::msg::Float32>("w_velocity", 10);
      |   [01;31m[K^~~~~~~~~~[m[K
      |   [32m[Krmw_publisher_t[m[K
[01m[K/home/orin/ros2_ws/src/ros2_control_custom_hardware_interface/motor_controller/motor_controller/src/arduino_interface.cpp:53:62:[m[K [01;31m[Kerror: [m[Kexpected primary-expression before â€˜[01m[K>[m[Kâ€™ token
   53 |   publisher_ = node_->create_publisher<std_msgs::msg::Float32[01;31m[K>[m[K("w_velocity", 10);
      |                                                              [01;31m[K^[m[K
[01m[K/home/orin/ros2_ws/src/ros2_control_custom_hardware_interface/motor_controller/motor_controller/src/arduino_interface.cpp:53:64:[m[K [01;35m[Kwarning: [m[Kleft operand of comma operator has no effect [[01;35m[K]8;;https://gcc.gnu.org/onlinedocs/gcc/Warning-Options.html#index-Wunused-value-Wunused-value]8;;[m[K]
   53 |   publisher_ = node_->create_publisher<std_msgs::msg::Float32>([01;35m[K"w_velocity"[m[K, 10);
      |                                                                [01;35m[K^~~~~~~~~~~~[m[K
[01m[K/home/orin/ros2_ws/src/ros2_control_custom_hardware_interface/motor_controller/motor_controller/src/arduino_interface.cpp:[m[K In member function â€˜[01m[Kvirtual hardware_interface::return_type arduino_controller::ArduinoInterface::read(const rclcpp::Time&, const rclcpp::Duration&)[m[Kâ€™:
[01m[K/home/orin/ros2_ws/src/ros2_control_custom_hardware_interface/motor_controller/motor_controller/src/arduino_interface.cpp:370:5:[m[K [01;31m[Kerror: [m[Kâ€˜[01m[Kpublisher_[m[Kâ€™ was not declared in this scope; did you mean â€˜[01m[Krmw_publisher_t[m[Kâ€™?
  370 |     [01;31m[Kpublisher_[m[K->publish(velocity_msg);
      |     [01;31m[K^~~~~~~~~~[m[K
      |     [32m[Krmw_publisher_t[m[K
gmake[2]: *** [CMakeFiles/motor_controller.dir/build.make:76: CMakeFiles/motor_controller.dir/src/arduino_interface.cpp.o] Error 1
gmake[1]: *** [CMakeFiles/Makefile2:137: CMakeFiles/motor_controller.dir/all] Error 2
gmake: *** [Makefile:146: all] Error 2
