-- The C compiler identification is GNU 11.4.0
-- The CXX compiler identification is GNU 11.4.0
-- Detecting C compiler ABI info
-- Detecting C compiler ABI info - done
-- Check for working C compiler: /usr/bin/cc - skipped
-- Detecting C compile features
-- Detecting C compile features - done
-- Detecting CXX compiler ABI info
-- Detecting CXX compiler ABI info - done
-- Check for working CXX compiler: /usr/bin/c++ - skipped
-- Detecting CXX compile features
-- Detecting CXX compile features - done
-- Found ament_cmake: 1.3.10 (/opt/ros/humble/share/ament_cmake/cmake)
-- Found Python3: /usr/bin/python3 (found version "3.10.12") found components: Interpreter 
-- Found rclcpp: 16.0.10 (/opt/ros/humble/share/rclcpp/cmake)
-- Found rosidl_generator_c: 3.1.5 (/opt/ros/humble/share/rosidl_generator_c/cmake)
-- Found rosidl_adapter: 3.1.5 (/opt/ros/humble/share/rosidl_adapter/cmake)
-- Found rosidl_generator_cpp: 3.1.5 (/opt/ros/humble/share/rosidl_generator_cpp/cmake)
-- Using all available rosidl_typesupport_c: rosidl_typesupport_fastrtps_c;rosidl_typesupport_introspection_c
-- Using all available rosidl_typesupport_cpp: rosidl_typesupport_fastrtps_cpp;rosidl_typesupport_introspection_cpp
-- Found rmw_implementation_cmake: 6.1.2 (/opt/ros/humble/share/rmw_implementation_cmake/cmake)
-- Found rmw_fastrtps_cpp: 6.2.7 (/opt/ros/humble/share/rmw_fastrtps_cpp/cmake)
-- Found OpenSSL: /usr/lib/aarch64-linux-gnu/libcrypto.so (found version "3.0.2")  
-- Found FastRTPS: /opt/ros/humble/include  
-- Using RMW implementation 'rmw_fastrtps_cpp' as default
-- Looking for pthread.h
-- Looking for pthread.h - found
-- Performing Test CMAKE_HAVE_LIBC_PTHREAD
-- Performing Test CMAKE_HAVE_LIBC_PTHREAD - Success
-- Found Threads: TRUE  
-- Found hardware_interface: 2.43.1 (/opt/ros/humble/share/hardware_interface/cmake)
-- Found ament_lint_auto: 0.12.11 (/opt/ros/humble/share/ament_lint_auto/cmake)
-- Added test 'cppcheck' to perform static code analysis on C / C++ code
-- Configured cppcheck include dirs: /home/orin/ros2_ws/src/ros2_control_custom_hardware_interface/motor_controller/motor_controller/include
-- Configured cppcheck exclude dirs and/or files: 
-- Added test 'flake8' to check Python code syntax and style conventions
-- Added test 'lint_cmake' to check CMake code style
-- Added test 'pep257' to check Python code against some of the docstring style conventions in PEP 257
-- Added test 'uncrustify' to check C / C++ code style
-- Configured uncrustify additional arguments: 
-- Added test 'xmllint' to check XML markup files
-- Configuring done
-- Generating done
-- Build files have been written to: /home/orin/ros2_ws/build/motor_controller
[ 50%] [32mBuilding CXX object CMakeFiles/motor_controller.dir/src/arduino_interface.cpp.o[0m
[01m[K/home/orin/ros2_ws/src/ros2_control_custom_hardware_interface/motor_controller/motor_controller/src/arduino_interface.cpp:[m[K In member function â€˜[01m[Kvirtual arduino_controller::CallbackReturn arduino_controller::ArduinoInterface::on_init(const hardware_interface::HardwareInfo&)[m[Kâ€™:
[01m[K/home/orin/ros2_ws/src/ros2_control_custom_hardware_interface/motor_controller/motor_controller/src/arduino_interface.cpp:52:3:[m[K [01;31m[Kerror: [m[Kâ€˜[01m[Knode_[m[Kâ€™ was not declared in this scope; did you mean â€˜[01m[Kmode_t[m[Kâ€™?
   52 |   [01;31m[Knode_[m[K = std::make_shared<rclcpp::Node>("velocity_publisher_node");
      |   [01;31m[K^~~~~[m[K
      |   [32m[Kmode_t[m[K
[01m[K/home/orin/ros2_ws/src/ros2_control_custom_hardware_interface/motor_controller/motor_controller/src/arduino_interface.cpp:53:3:[m[K [01;31m[Kerror: [m[Kâ€˜[01m[Kpublisher_[m[Kâ€™ was not declared in this scope; did you mean â€˜[01m[Krmw_publisher_t[m[Kâ€™?
   53 |   [01;31m[Kpublisher_[m[K = node_->create_publisher<std_msgs::msg::Float32>("w_velocity", 10);
      |   [01;31m[K^~~~~~~~~~[m[K
      |   [32m[Krmw_publisher_t[m[K
[01m[K/home/orin/ros2_ws/src/ros2_control_custom_hardware_interface/motor_controller/motor_controller/src/arduino_interface.cpp:53:62:[m[K [01;31m[Kerror: [m[Kexpected primary-expression before â€˜[01m[K>[m[Kâ€™ token
   53 |   publisher_ = node_->create_publisher<std_msgs::msg::Float32[01;31m[K>[m[K("w_velocity", 10);
      |                                                              [01;31m[K^[m[K
[01m[K/home/orin/ros2_ws/src/ros2_control_custom_hardware_interface/motor_controller/motor_controller/src/arduino_interface.cpp:53:64:[m[K [01;35m[Kwarning: [m[Kleft operand of comma operator has no effect [[01;35m[K]8;;https://gcc.gnu.org/onlinedocs/gcc/Warning-Options.html#index-Wunused-value-Wunused-value]8;;[m[K]
   53 |   publisher_ = node_->create_publisher<std_msgs::msg::Float32>([01;35m[K"w_velocity"[m[K, 10);
      |                                                                [01;35m[K^~~~~~~~~~~~[m[K
[01m[K/home/orin/ros2_ws/src/ros2_control_custom_hardware_interface/motor_controller/motor_controller/src/arduino_interface.cpp:[m[K In member function â€˜[01m[Kvirtual hardware_interface::return_type arduino_controller::ArduinoInterface::read(const rclcpp::Time&, const rclcpp::Duration&)[m[Kâ€™:
[01m[K/home/orin/ros2_ws/src/ros2_control_custom_hardware_interface/motor_controller/motor_controller/src/arduino_interface.cpp:370:5:[m[K [01;31m[Kerror: [m[Kâ€˜[01m[Kpublisher_[m[Kâ€™ was not declared in this scope; did you mean â€˜[01m[Krmw_publisher_t[m[Kâ€™?
  370 |     [01;31m[Kpublisher_[m[K->publish(velocity_msg);
      |     [01;31m[K^~~~~~~~~~[m[K
      |     [32m[Krmw_publisher_t[m[K
gmake[2]: *** [CMakeFiles/motor_controller.dir/build.make:76: CMakeFiles/motor_controller.dir/src/arduino_interface.cpp.o] Error 1
gmake[1]: *** [CMakeFiles/Makefile2:137: CMakeFiles/motor_controller.dir/all] Error 2
gmake: *** [Makefile:146: all] Error 2
