[0.041s] Invoking command in '/home/orin/ros2_ws/build/my_bot_description': /usr/bin/cmake --build /home/orin/ros2_ws/build/my_bot_description -- -j6 -l6
[0.115s] -- Found hardware_interface: 2.48.0 (/opt/ros/humble/share/hardware_interface/cmake)
[0.494s] -- Override CMake install command with custom implementation using symlinks instead of copying resources
[0.577s] -- Found rosidl_generator_c: 3.1.6 (/opt/ros/humble/share/rosidl_generator_c/cmake)
[0.581s] -- Found rosidl_adapter: 3.1.6 (/opt/ros/humble/share/rosidl_adapter/cmake)
[0.593s] -- Found rosidl_generator_cpp: 3.1.6 (/opt/ros/humble/share/rosidl_generator_cpp/cmake)
[0.615s] -- Using all available rosidl_typesupport_c: rosidl_typesupport_fastrtps_c;rosidl_typesupport_introspection_c
[0.644s] -- Using all available rosidl_typesupport_cpp: rosidl_typesupport_fastrtps_cpp;rosidl_typesupport_introspection_cpp
[0.985s] -- Found rmw_implementation_cmake: 6.1.2 (/opt/ros/humble/share/rmw_implementation_cmake/cmake)
[0.992s] -- Found rmw_fastrtps_cpp: 6.2.7 (/opt/ros/humble/share/rmw_fastrtps_cpp/cmake)
[1.029s] -- Found TinyXML2 via Config file: TinyXML2_DIR-NOTFOUND
[1.053s] -- Found TinyXML2 via Config file: TinyXML2_DIR-NOTFOUND
[1.093s] -- Found TinyXML2 via Config file: TinyXML2_DIR-NOTFOUND
[1.111s] -- Found TinyXML2 via Config file: TinyXML2_DIR-NOTFOUND
[1.153s] -- Using RMW implementation 'rmw_fastrtps_cpp' as default
[1.251s] -- Found ament_lint_auto: 0.12.11 (/opt/ros/humble/share/ament_lint_auto/cmake)
[1.409s] Error parsing '/home/orin/ros2_ws/src/my_bot_description/package.xml':
[1.531s] Traceback (most recent call last):
[1.531s]   File "/opt/ros/humble/share/ament_cmake_core/cmake/core/package_xml_2_cmake.py", line 150, in <module>
[1.531s]     main()
[1.531s]   File "/opt/ros/humble/share/ament_cmake_core/cmake/core/package_xml_2_cmake.py", line 53, in main
[1.531s]     raise e
[1.532s]   File "/opt/ros/humble/share/ament_cmake_core/cmake/core/package_xml_2_cmake.py", line 49, in main
[1.532s]     package = parse_package_string(
[1.532s]   File "/usr/lib/python3/dist-packages/catkin_pkg/package.py", line 786, in parse_package_string
[1.532s]     raise InvalidPackage('Error(s):%s' % (''.join(['\n- %s' % e for e in errors])), filename)
[1.532s] catkin_pkg.package.InvalidPackage: Error(s) in package '/home/orin/ros2_ws/src/my_bot_description/package.xml':
[1.532s] Error(s):
[1.532s] - The generic dependency on 'rclcpp' is redundant with: build_depend, exec_depend
[1.532s] - The generic dependency on 'std_msgs' is redundant with: build_depend, exec_depend
[1.576s] [31mCMake Error at /opt/ros/humble/share/ament_cmake_core/cmake/core/ament_package_xml.cmake:95 (message):
[1.577s]   execute_process(/usr/bin/python3
[1.577s]   /opt/ros/humble/share/ament_cmake_core/cmake/core/package_xml_2_cmake.py
[1.577s]   /home/orin/ros2_ws/src/my_bot_description/package.xml
[1.577s]   /home/orin/ros2_ws/build/my_bot_description/ament_cmake_core/package.cmake)
[1.577s]   returned error code 1
[1.578s] Call Stack (most recent call first):
[1.578s]   /opt/ros/humble/share/ament_cmake_core/cmake/core/ament_package_xml.cmake:49 (_ament_package_xml)
[1.578s]   /opt/ros/humble/share/ament_lint_auto/cmake/ament_lint_auto_find_test_dependencies.cmake:31 (ament_package_xml)
[1.578s]   CMakeLists.txt:58 (ament_lint_auto_find_test_dependencies)
[1.578s] 
[1.578s] [0m
[1.578s] -- Configuring incomplete, errors occurred!
[1.579s] See also "/home/orin/ros2_ws/build/my_bot_description/CMakeFiles/CMakeOutput.log".
[1.600s] gmake: *** [Makefile:267: cmake_check_build_system] Error 1
[1.606s] Invoked command in '/home/orin/ros2_ws/build/my_bot_description' returned '2': /usr/bin/cmake --build /home/orin/ros2_ws/build/my_bot_description -- -j6 -l6
