[0.059s] Invoking command in '/home/orin/ros2_ws/build/my_bot_description': CMAKE_PREFIX_PATH=/home/orin/ros2_ws/install/sllidar_ros2:/home/orin/ros2_ws/install/ros2_control_demos:/home/orin/ros2_ws/install/ros2_control_demo_example_9:/home/orin/ros2_ws/install/ros2_control_demo_example_8:/home/orin/ros2_ws/install/ros2_control_demo_example_7:/home/orin/ros2_ws/install/ros2_control_demo_example_6:/home/orin/ros2_ws/install/ros2_control_demo_example_15:/home/orin/ros2_ws/install/ros2_control_demo_example_13:/home/orin/ros2_ws/install/ros2_control_demo_example_5:/home/orin/ros2_ws/install/ros2_control_demo_example_4:/home/orin/ros2_ws/install/ros2_control_demo_example_3:/home/orin/ros2_ws/install/ros2_control_demo_example_2:/home/orin/ros2_ws/install/ros2_control_demo_example_14:/home/orin/ros2_ws/install/ros2_control_demo_example_12:/home/orin/ros2_ws/install/ros2_control_demo_example_11:/home/orin/ros2_ws/install/ros2_control_demo_example_10:/home/orin/ros2_ws/install/ros2_control_demo_example_1:/home/orin/ros2_ws/install/ros2_control_demo_description:/home/orin/ros2_ws/install/my_bot_imu:/home/orin/ros2_ws/install/my_bot_description:/home/orin/ros2_ws/install/wheel_encoder_odometry:/home/orin/ros2_ws/install/ros2_control_demo_testing:/home/orin/ros2_ws/install/launch_testing_examples:/home/orin/ros2_ws/install/hcsr04_sensor:/home/orin/ros2_ws/install/examples_rclpy_pointcloud_publisher:/home/orin/ros2_ws/install/examples_rclpy_minimal_subscriber:/home/orin/ros2_ws/install/examples_rclpy_minimal_service:/home/orin/ros2_ws/install/examples_rclpy_minimal_publisher:/home/orin/ros2_ws/install/examples_rclpy_minimal_client:/home/orin/ros2_ws/install/examples_rclpy_minimal_action_server:/home/orin/ros2_ws/install/examples_rclpy_minimal_action_client:/home/orin/ros2_ws/install/examples_rclpy_guard_conditions:/home/orin/ros2_ws/install/examples_rclpy_executors:/home/orin/ros2_ws/install/encoder_ultrasonic_package:/home/orin/ros2_ws/install/arduino_odometry:/home/orin/ros2_ws/install/arduino_encoder_odom:/opt/ros/humble:/home/orin/ros2_ws/install/mobile_robot_description:/home/orin/ros2_ws/install/image_geometry:/home/orin/ros2_ws/install/gazebo_dev:/home/orin/ros2_ws/install/examples_rclcpp_wait_set:/home/orin/ros2_ws/install/examples_rclcpp_multithreaded_executor:/home/orin/ros2_ws/install/examples_rclcpp_minimal_timer:/home/orin/ros2_ws/install/examples_rclcpp_minimal_subscriber:/home/orin/ros2_ws/install/examples_rclcpp_minimal_service:/home/orin/ros2_ws/install/examples_rclcpp_minimal_publisher:/home/orin/ros2_ws/install/examples_rclcpp_minimal_composition:/home/orin/ros2_ws/install/examples_rclcpp_minimal_client:/home/orin/ros2_ws/install/examples_rclcpp_minimal_action_server:/home/orin/ros2_ws/install/examples_rclcpp_minimal_action_client:/home/orin/ros2_ws/install/examples_rclcpp_cbg_executor:/home/orin/ros2_ws/install/examples_rclcpp_async_client:/home/orin/ros2_ws/install/diffdrive_arduino:/home/orin/ros2_ws/install/diffbot_description:/home/orin/ros2_ws/install/depthai-ros:/home/orin/ros2_ws/install/depthai_ros_driver:/home/orin/ros2_ws/install/depthai_filters:/home/orin/ros2_ws/install/depthai_examples:/home/orin/ros2_ws/install/depthai_bridge:/home/orin/ros2_ws/install/depthai_ros_msgs:/home/orin/ros2_ws/install/depthai_descriptions:/home/orin/ros2_ws/install/cv_bridge:/home/orin/ros2_ws/install/articubot_one:/home/orin/ros2_ws/install/arduino_serial_comm /usr/bin/cmake --build /home/orin/ros2_ws/build/my_bot_description -- -j6 -l6
[0.279s] [ 50%] [32mBuilding CXX object CMakeFiles/my_bot_description.dir/hardware/diffbot_system.cpp.o[0m
[2.121s] In file included from [01m[K/home/orin/ros2_ws/src/my_bot_description/hardware/diffbot_system.cpp:15[m[K:
[2.121s] [01m[K/home/orin/ros2_ws/src/my_bot_description/hardware/include/my_bot_ros2_control/diffbot_system.hpp:38:55:[m[K [01;35m[Kwarning: [m[Kextra â€˜[01m[K;[m[Kâ€™ [[01;35m[K]8;;https://gcc.gnu.org/onlinedocs/gcc/Warning-Options.html#index-Wpedantic-Wpedantic]8;;[m[K]
[2.121s]    38 |   RCLCPP_SHARED_PTR_DEFINITIONS(DiffBotSystemHardware)[01;35m[K;[m[K
[2.122s]       |                                                       [01;35m[K^[m[K
[2.122s]       |                                                       [31m[K-[m[K
[5.867s] [01m[K/home/orin/ros2_ws/src/my_bot_description/hardware/diffbot_system.cpp:198:33:[m[K [01;31m[Kerror: [m[Kâ€˜[01m[Kmy_bot_ros2_control[m[Kâ€™ has not been declared
[5.868s]   198 | hardware_interface::return_type [01;31m[Kmy_bot_ros2_control[m[K ::DiffBotSystemHardware::write(
[5.868s]       |                                 [01;31m[K^~~~~~~~~~~~~~~~~~~[m[K
[5.883s] [01m[K/home/orin/ros2_ws/src/my_bot_description/hardware/diffbot_system.cpp:[m[K In function â€˜[01m[Khardware_interface::return_type ros2_control_demo_example_2::write(const rclcpp::Time&, const rclcpp::Duration&)[m[Kâ€™:
[5.883s] [01m[K/home/orin/ros2_ws/src/my_bot_description/hardware/diffbot_system.cpp:204:25:[m[K [01;31m[Kerror: [m[Kâ€˜[01m[Khw_commands_[m[Kâ€™ was not declared in this scope
[5.884s]   204 |   for (auto i = 0u; i < [01;31m[Khw_commands_[m[K.size(); i++)
[5.884s]       |                         [01;31m[K^~~~~~~~~~~~[m[K
[5.895s] In file included from [01m[K/opt/ros/humble/include/rclcpp/rclcpp/logging.hpp:24[m[K,
[5.895s]                  from [01m[K/opt/ros/humble/include/rclcpp/rclcpp/client.hpp:40[m[K,
[5.895s]                  from [01m[K/opt/ros/humble/include/rclcpp/rclcpp/callback_group.hpp:24[m[K,
[5.896s]                  from [01m[K/opt/ros/humble/include/rclcpp/rclcpp/any_executable.hpp:20[m[K,
[5.896s]                  from [01m[K/opt/ros/humble/include/rclcpp/rclcpp/memory_strategy.hpp:25[m[K,
[5.896s]                  from [01m[K/opt/ros/humble/include/rclcpp/rclcpp/memory_strategies.hpp:18[m[K,
[5.896s]                  from [01m[K/opt/ros/humble/include/rclcpp/rclcpp/executor_options.hpp:20[m[K,
[5.896s]                  from [01m[K/opt/ros/humble/include/rclcpp/rclcpp/executor.hpp:37[m[K,
[5.896s]                  from [01m[K/opt/ros/humble/include/rclcpp/rclcpp/executors/multi_threaded_executor.hpp:25[m[K,
[5.896s]                  from [01m[K/opt/ros/humble/include/rclcpp/rclcpp/executors.hpp:21[m[K,
[5.897s]                  from [01m[K/opt/ros/humble/include/rclcpp/rclcpp/rclcpp.hpp:155[m[K,
[5.897s]                  from [01m[K/home/orin/ros2_ws/src/my_bot_description/hardware/diffbot_system.cpp:26[m[K:
[5.897s] [01m[K/home/orin/ros2_ws/src/my_bot_description/hardware/diffbot_system.cpp:209:7:[m[K [01;31m[Kerror: [m[Kâ€˜[01m[Kinfo_[m[Kâ€™ was not declared in this scope
[5.897s]   209 |       [01;31m[Kinfo_[m[K.joints[i].name.c_str());
[5.897s]       |       [01;31m[K^~~~~[m[K
[5.909s] [01m[K/home/orin/ros2_ws/src/my_bot_description/hardware/diffbot_system.cpp:211:5:[m[K [01;31m[Kerror: [m[Kâ€˜[01m[Khw_velocities_[m[Kâ€™ was not declared in this scope
[5.909s]   211 |     [01;31m[Khw_velocities_[m[K[i] = hw_commands_[i];
[5.911s]       |     [01;31m[K^~~~~~~~~~~~~~[m[K
[5.942s] In file included from [01m[K/opt/ros/humble/include/class_loader/class_loader/class_loader.hpp:56[m[K,
[5.943s]                  from [01m[K/opt/ros/humble/include/pluginlib/pluginlib/class_list_macros.hpp:40[m[K,
[5.943s]                  from [01m[K/home/orin/ros2_ws/src/my_bot_description/hardware/diffbot_system.cpp:221[m[K:
[5.943s] [01m[K/home/orin/ros2_ws/src/my_bot_description/hardware/diffbot_system.cpp:[m[K At global scope:
[5.944s] [01m[K/home/orin/ros2_ws/src/my_bot_description/hardware/diffbot_system.cpp:223:3:[m[K [01;31m[Kerror: [m[Kâ€˜[01m[Kmy_bot_ros2_control[m[Kâ€™ does not name a type
[5.944s]   223 |   [01;31m[Kmy_bot_ros2_control[m[K::DiffBotSystemHardware, hardware_interface::SystemInterface)
[5.944s]       |   [01;31m[K^~~~~~~~~~~~~~~~~~~[m[K
[5.962s] [01m[K/home/orin/ros2_ws/src/my_bot_description/hardware/diffbot_system.cpp:[m[K In constructor â€˜[01m[K{anonymous}::ProxyExec0::ProxyExec0()[m[Kâ€™:
[5.962s] [01m[K/home/orin/ros2_ws/src/my_bot_description/hardware/diffbot_system.cpp:222:1:[m[K [01;31m[Kerror: [m[Kâ€˜[01m[K_derived[m[Kâ€™ was not declared in this scope
[5.963s]   222 | [01;31m[KPLUGINLIB_EXPORT_CLASS[m[K(
[5.963s]       | [01;31m[K^~~~~~~~~~~~~~~~~~~~~~[m[K
[5.963s] [01m[K/home/orin/ros2_ws/src/my_bot_description/hardware/diffbot_system.cpp:222:1:[m[K [01;31m[Kerror: [m[Kno matching function for call to â€˜[01m[KregisterPlugin<<expression error>, {anonymous}::ProxyExec0::_base>(const char [43], const char [36])[m[Kâ€™
[5.963s]   222 | [01;31m[KPLUGINLIB_EXPORT_CLASS[m[K(
[5.964s]       | [01;31m[K^~~~~~~~~~~~~~~~~~~~~~[m[K
[5.964s] In file included from [01m[K/opt/ros/humble/include/class_loader/class_loader/class_loader.hpp:55[m[K,
[5.964s]                  from [01m[K/opt/ros/humble/include/pluginlib/pluginlib/class_list_macros.hpp:40[m[K,
[5.964s]                  from [01m[K/home/orin/ros2_ws/src/my_bot_description/hardware/diffbot_system.cpp:221[m[K:
[5.964s] [01m[K/opt/ros/humble/include/class_loader/class_loader/class_loader_core.hpp:210:6:[m[K [01;36m[Knote: [m[Kcandidate: â€˜[01m[Ktemplate<class Derived, class Base> void class_loader::impl::registerPlugin(const string&, const string&)[m[Kâ€™
[5.965s]   210 | void [01;36m[KregisterPlugin[m[K(const std::string & class_name, const std::string & base_class_name)
[5.965s]       |      [01;36m[K^~~~~~~~~~~~~~[m[K
[5.965s] [01m[K/opt/ros/humble/include/class_loader/class_loader/class_loader_core.hpp:210:6:[m[K [01;36m[Knote: [m[K  template argument deduction/substitution failed:
[5.965s] In file included from [01m[K/opt/ros/humble/include/class_loader/class_loader/class_loader.hpp:56[m[K,
[5.966s]                  from [01m[K/opt/ros/humble/include/pluginlib/pluginlib/class_list_macros.hpp:40[m[K,
[5.966s]                  from [01m[K/home/orin/ros2_ws/src/my_bot_description/hardware/diffbot_system.cpp:221[m[K:
[5.966s] [01m[K/home/orin/ros2_ws/src/my_bot_description/hardware/diffbot_system.cpp:222:1:[m[K [01;31m[Kerror: [m[Ktemplate argument 1 is invalid
[5.966s]   222 | [01;31m[KPLUGINLIB_EXPORT_CLASS[m[K(
[5.966s]       | [01;31m[K^~~~~~~~~~~~~~~~~~~~~~[m[K
[7.502s] gmake[2]: *** [CMakeFiles/my_bot_description.dir/build.make:76: CMakeFiles/my_bot_description.dir/hardware/diffbot_system.cpp.o] Error 1
[7.503s] gmake[1]: *** [CMakeFiles/Makefile2:137: CMakeFiles/my_bot_description.dir/all] Error 2
[7.503s] gmake: *** [Makefile:146: all] Error 2
[7.509s] Invoked command in '/home/orin/ros2_ws/build/my_bot_description' returned '2': CMAKE_PREFIX_PATH=/home/orin/ros2_ws/install/sllidar_ros2:/home/orin/ros2_ws/install/ros2_control_demos:/home/orin/ros2_ws/install/ros2_control_demo_example_9:/home/orin/ros2_ws/install/ros2_control_demo_example_8:/home/orin/ros2_ws/install/ros2_control_demo_example_7:/home/orin/ros2_ws/install/ros2_control_demo_example_6:/home/orin/ros2_ws/install/ros2_control_demo_example_15:/home/orin/ros2_ws/install/ros2_control_demo_example_13:/home/orin/ros2_ws/install/ros2_control_demo_example_5:/home/orin/ros2_ws/install/ros2_control_demo_example_4:/home/orin/ros2_ws/install/ros2_control_demo_example_3:/home/orin/ros2_ws/install/ros2_control_demo_example_2:/home/orin/ros2_ws/install/ros2_control_demo_example_14:/home/orin/ros2_ws/install/ros2_control_demo_example_12:/home/orin/ros2_ws/install/ros2_control_demo_example_11:/home/orin/ros2_ws/install/ros2_control_demo_example_10:/home/orin/ros2_ws/install/ros2_control_demo_example_1:/home/orin/ros2_ws/install/ros2_control_demo_description:/home/orin/ros2_ws/install/my_bot_imu:/home/orin/ros2_ws/install/my_bot_description:/home/orin/ros2_ws/install/wheel_encoder_odometry:/home/orin/ros2_ws/install/ros2_control_demo_testing:/home/orin/ros2_ws/install/launch_testing_examples:/home/orin/ros2_ws/install/hcsr04_sensor:/home/orin/ros2_ws/install/examples_rclpy_pointcloud_publisher:/home/orin/ros2_ws/install/examples_rclpy_minimal_subscriber:/home/orin/ros2_ws/install/examples_rclpy_minimal_service:/home/orin/ros2_ws/install/examples_rclpy_minimal_publisher:/home/orin/ros2_ws/install/examples_rclpy_minimal_client:/home/orin/ros2_ws/install/examples_rclpy_minimal_action_server:/home/orin/ros2_ws/install/examples_rclpy_minimal_action_client:/home/orin/ros2_ws/install/examples_rclpy_guard_conditions:/home/orin/ros2_ws/install/examples_rclpy_executors:/home/orin/ros2_ws/install/encoder_ultrasonic_package:/home/orin/ros2_ws/install/arduino_odometry:/home/orin/ros2_ws/install/arduino_encoder_odom:/opt/ros/humble:/home/orin/ros2_ws/install/mobile_robot_description:/home/orin/ros2_ws/install/image_geometry:/home/orin/ros2_ws/install/gazebo_dev:/home/orin/ros2_ws/install/examples_rclcpp_wait_set:/home/orin/ros2_ws/install/examples_rclcpp_multithreaded_executor:/home/orin/ros2_ws/install/examples_rclcpp_minimal_timer:/home/orin/ros2_ws/install/examples_rclcpp_minimal_subscriber:/home/orin/ros2_ws/install/examples_rclcpp_minimal_service:/home/orin/ros2_ws/install/examples_rclcpp_minimal_publisher:/home/orin/ros2_ws/install/examples_rclcpp_minimal_composition:/home/orin/ros2_ws/install/examples_rclcpp_minimal_client:/home/orin/ros2_ws/install/examples_rclcpp_minimal_action_server:/home/orin/ros2_ws/install/examples_rclcpp_minimal_action_client:/home/orin/ros2_ws/install/examples_rclcpp_cbg_executor:/home/orin/ros2_ws/install/examples_rclcpp_async_client:/home/orin/ros2_ws/install/diffdrive_arduino:/home/orin/ros2_ws/install/diffbot_description:/home/orin/ros2_ws/install/depthai-ros:/home/orin/ros2_ws/install/depthai_ros_driver:/home/orin/ros2_ws/install/depthai_filters:/home/orin/ros2_ws/install/depthai_examples:/home/orin/ros2_ws/install/depthai_bridge:/home/orin/ros2_ws/install/depthai_ros_msgs:/home/orin/ros2_ws/install/depthai_descriptions:/home/orin/ros2_ws/install/cv_bridge:/home/orin/ros2_ws/install/articubot_one:/home/orin/ros2_ws/install/arduino_serial_comm /usr/bin/cmake --build /home/orin/ros2_ws/build/my_bot_description -- -j6 -l6
