[0.046s] Invoking command in '/home/orin/ros2_ws/build/my_bot_description': /usr/bin/cmake --build /home/orin/ros2_ws/build/my_bot_description -- -j6 -l6
[0.111s] -- Found hardware_interface: 2.48.0 (/opt/ros/humble/share/hardware_interface/cmake)
[0.504s] -- Override CMake install command with custom implementation using symlinks instead of copying resources
[0.578s] -- Found rosidl_generator_c: 3.1.6 (/opt/ros/humble/share/rosidl_generator_c/cmake)
[0.583s] -- Found rosidl_adapter: 3.1.6 (/opt/ros/humble/share/rosidl_adapter/cmake)
[0.594s] -- Found rosidl_generator_cpp: 3.1.6 (/opt/ros/humble/share/rosidl_generator_cpp/cmake)
[0.617s] -- Using all available rosidl_typesupport_c: rosidl_typesupport_fastrtps_c;rosidl_typesupport_introspection_c
[0.646s] -- Using all available rosidl_typesupport_cpp: rosidl_typesupport_fastrtps_cpp;rosidl_typesupport_introspection_cpp
[0.987s] -- Found rmw_implementation_cmake: 6.1.2 (/opt/ros/humble/share/rmw_implementation_cmake/cmake)
[0.994s] -- Found rmw_fastrtps_cpp: 6.2.7 (/opt/ros/humble/share/rmw_fastrtps_cpp/cmake)
[1.032s] -- Found TinyXML2 via Config file: TinyXML2_DIR-NOTFOUND
[1.060s] -- Found TinyXML2 via Config file: TinyXML2_DIR-NOTFOUND
[1.108s] -- Found TinyXML2 via Config file: TinyXML2_DIR-NOTFOUND
[1.130s] -- Found TinyXML2 via Config file: TinyXML2_DIR-NOTFOUND
[1.168s] -- Using RMW implementation 'rmw_fastrtps_cpp' as default
[1.261s] -- Found ament_lint_auto: 0.12.11 (/opt/ros/humble/share/ament_lint_auto/cmake)
[1.439s] Error parsing '/home/orin/ros2_ws/src/my_bot_description/package.xml':
[1.565s] Traceback (most recent call last):
[1.567s]   File "/opt/ros/humble/share/ament_cmake_core/cmake/core/package_xml_2_cmake.py", line 150, in <module>
[1.567s]     main()
[1.567s]   File "/opt/ros/humble/share/ament_cmake_core/cmake/core/package_xml_2_cmake.py", line 53, in main
[1.567s]     raise e
[1.568s]   File "/opt/ros/humble/share/ament_cmake_core/cmake/core/package_xml_2_cmake.py", line 49, in main
[1.568s]     package = parse_package_string(
[1.568s]   File "/usr/lib/python3/dist-packages/catkin_pkg/package.py", line 786, in parse_package_string
[1.568s]     raise InvalidPackage('Error(s):%s' % (''.join(['\n- %s' % e for e in errors])), filename)
[1.568s] catkin_pkg.package.InvalidPackage: Error(s) in package '/home/orin/ros2_ws/src/my_bot_description/package.xml':
[1.568s] Error(s):
[1.569s] - The generic dependency on 'rclcpp' is redundant with: build_depend, exec_depend
[1.569s] - The generic dependency on 'std_msgs' is redundant with: build_depend, exec_depend
[1.609s] [31mCMake Error at /opt/ros/humble/share/ament_cmake_core/cmake/core/ament_package_xml.cmake:95 (message):
[1.610s]   execute_process(/usr/bin/python3
[1.610s]   /opt/ros/humble/share/ament_cmake_core/cmake/core/package_xml_2_cmake.py
[1.610s]   /home/orin/ros2_ws/src/my_bot_description/package.xml
[1.610s]   /home/orin/ros2_ws/build/my_bot_description/ament_cmake_core/package.cmake)
[1.610s]   returned error code 1
[1.611s] Call Stack (most recent call first):
[1.611s]   /opt/ros/humble/share/ament_cmake_core/cmake/core/ament_package_xml.cmake:49 (_ament_package_xml)
[1.611s]   /opt/ros/humble/share/ament_lint_auto/cmake/ament_lint_auto_find_test_dependencies.cmake:31 (ament_package_xml)
[1.611s]   CMakeLists.txt:58 (ament_lint_auto_find_test_dependencies)
[1.611s] 
[1.611s] [0m
[1.611s] -- Configuring incomplete, errors occurred!
[1.612s] See also "/home/orin/ros2_ws/build/my_bot_description/CMakeFiles/CMakeOutput.log".
[1.633s] gmake: *** [Makefile:267: cmake_check_build_system] Error 1
[1.638s] Invoked command in '/home/orin/ros2_ws/build/my_bot_description' returned '2': /usr/bin/cmake --build /home/orin/ros2_ws/build/my_bot_description -- -j6 -l6
