[0.025s] Invoking command in '/home/orin/ros2_ws/build/diffbot_description': CMAKE_PREFIX_PATH=/opt/ros/humble /usr/bin/cmake --build /home/orin/ros2_ws/build/diffbot_description -- -j6 -l6
[0.127s] [35m[1mConsolidate compiler generated dependencies of target diffbot_description[0m
[0.172s] [ 50%] [32mBuilding CXX object CMakeFiles/diffbot_description.dir/hardware/diffbot_system.cpp.o[0m
[5.467s] [01m[K/home/orin/ros2_ws/src/diffbot_description/hardware/diffbot_system.cpp:32:21:[m[K [01;31m[Kerror: [m[Kâ€˜[01m[KCallbackReturn[m[Kâ€™ in namespace â€˜[01m[Khardware_interface[m[Kâ€™ does not name a type
[5.467s]    32 | hardware_interface::[01;31m[KCallbackReturn[m[K DiffBotSystemHardware::on_init(
[5.468s]       |                     [01;31m[K^~~~~~~~~~~~~~[m[K
[5.468s] [01m[K/home/orin/ros2_ws/src/diffbot_description/hardware/diffbot_system.cpp:105:33:[m[K [01;31m[Kerror: [m[Kâ€˜[01m[KStateInterface[m[Kâ€™ is not a member of â€˜[01m[Khardware_interface[m[Kâ€™
[5.469s]   105 | std::vector<hardware_interface::[01;31m[KStateInterface[m[K> DiffBotSystemHardware::export_state_interfaces()
[5.469s]       |                                 [01;31m[K^~~~~~~~~~~~~~[m[K
[5.469s] [01m[K/home/orin/ros2_ws/src/diffbot_description/hardware/diffbot_system.cpp:105:47:[m[K [01;31m[Kerror: [m[Ktemplate argument 1 is invalid
[5.469s]   105 | std::vector<hardware_interface::StateInterface[01;31m[K>[m[K DiffBotSystemHardware::export_state_interfaces()
[5.469s]       |                                               [01;31m[K^[m[K
[5.469s] [01m[K/home/orin/ros2_ws/src/diffbot_description/hardware/diffbot_system.cpp:105:47:[m[K [01;31m[Kerror: [m[Ktemplate argument 2 is invalid
[5.470s] [01m[K/home/orin/ros2_ws/src/diffbot_description/hardware/diffbot_system.cpp:105:49:[m[K [01;31m[Kerror: [m[Kâ€˜[01m[KDiffBotSystemHardware[m[Kâ€™ has not been declared
[5.470s]   105 | std::vector<hardware_interface::StateInterface> [01;31m[KDiffBotSystemHardware[m[K::export_state_interfaces()
[5.470s]       |                                                 [01;31m[K^~~~~~~~~~~~~~~~~~~~~[m[K
[5.470s] [01m[K/home/orin/ros2_ws/src/diffbot_description/hardware/diffbot_system.cpp:[m[K In function â€˜[01m[Kint diffbot_description::export_state_interfaces()[m[Kâ€™:
[5.470s] [01m[K/home/orin/ros2_ws/src/diffbot_description/hardware/diffbot_system.cpp:107:35:[m[K [01;31m[Kerror: [m[Kâ€˜[01m[KStateInterface[m[Kâ€™ is not a member of â€˜[01m[Khardware_interface[m[Kâ€™
[5.470s]   107 |   std::vector<hardware_interface::[01;31m[KStateInterface[m[K> state_interfaces;
[5.470s]       |                                   [01;31m[K^~~~~~~~~~~~~~[m[K
[5.471s] [01m[K/home/orin/ros2_ws/src/diffbot_description/hardware/diffbot_system.cpp:107:49:[m[K [01;31m[Kerror: [m[Ktemplate argument 1 is invalid
[5.471s]   107 |   std::vector<hardware_interface::StateInterface[01;31m[K>[m[K state_interfaces;
[5.471s]       |                                                 [01;31m[K^[m[K
[5.471s] [01m[K/home/orin/ros2_ws/src/diffbot_description/hardware/diffbot_system.cpp:107:49:[m[K [01;31m[Kerror: [m[Ktemplate argument 2 is invalid
[5.479s] [01m[K/home/orin/ros2_ws/src/diffbot_description/hardware/diffbot_system.cpp:108:25:[m[K [01;31m[Kerror: [m[Kâ€˜[01m[Kinfo_[m[Kâ€™ was not declared in this scope
[5.479s]   108 |   for (auto i = 0u; i < [01;31m[Kinfo_[m[K.joints.size(); i++)
[5.479s]       |                         [01;31m[K^~~~~[m[K
[5.479s] [01m[K/home/orin/ros2_ws/src/diffbot_description/hardware/diffbot_system.cpp:110:22:[m[K [01;31m[Kerror: [m[Krequest for member â€˜[01m[Kemplace_back[m[Kâ€™ in â€˜[01m[Kstate_interfaces[m[Kâ€™, which is of non-class type â€˜[01m[Kint[m[Kâ€™
[5.479s]   110 |     state_interfaces.[01;31m[Kemplace_back[m[K(hardware_interface::StateInterface(
[5.479s]       |                      [01;31m[K^~~~~~~~~~~~[m[K
[5.480s] [01m[K/home/orin/ros2_ws/src/diffbot_description/hardware/diffbot_system.cpp:110:55:[m[K [01;31m[Kerror: [m[Kâ€˜[01m[KStateInterface[m[Kâ€™ is not a member of â€˜[01m[Khardware_interface[m[Kâ€™
[5.480s]   110 |     state_interfaces.emplace_back(hardware_interface::[01;31m[KStateInterface[m[K(
[5.480s]       |                                                       [01;31m[K^~~~~~~~~~~~~~[m[K
[5.490s] [01m[K/home/orin/ros2_ws/src/diffbot_description/hardware/diffbot_system.cpp:111:66:[m[K [01;31m[Kerror: [m[Kâ€˜[01m[Khw_positions_[m[Kâ€™ was not declared in this scope
[5.490s]   111 |       info_.joints[i].name, hardware_interface::HW_IF_POSITION, &[01;31m[Khw_positions_[m[K[i]));
[5.490s]       |                                                                  [01;31m[K^~~~~~~~~~~~~[m[K
[5.491s] [01m[K/home/orin/ros2_ws/src/diffbot_description/hardware/diffbot_system.cpp:112:22:[m[K [01;31m[Kerror: [m[Krequest for member â€˜[01m[Kemplace_back[m[Kâ€™ in â€˜[01m[Kstate_interfaces[m[Kâ€™, which is of non-class type â€˜[01m[Kint[m[Kâ€™
[5.491s]   112 |     state_interfaces.[01;31m[Kemplace_back[m[K(hardware_interface::StateInterface(
[5.491s]       |                      [01;31m[K^~~~~~~~~~~~[m[K
[5.491s] [01m[K/home/orin/ros2_ws/src/diffbot_description/hardware/diffbot_system.cpp:112:55:[m[K [01;31m[Kerror: [m[Kâ€˜[01m[KStateInterface[m[Kâ€™ is not a member of â€˜[01m[Khardware_interface[m[Kâ€™
[5.491s]   112 |     state_interfaces.emplace_back(hardware_interface::[01;31m[KStateInterface[m[K(
[5.491s]       |                                                       [01;31m[K^~~~~~~~~~~~~~[m[K
[5.501s] [01m[K/home/orin/ros2_ws/src/diffbot_description/hardware/diffbot_system.cpp:113:66:[m[K [01;31m[Kerror: [m[Kâ€˜[01m[Khw_velocities_[m[Kâ€™ was not declared in this scope
[5.501s]   113 |       info_.joints[i].name, hardware_interface::HW_IF_VELOCITY, &[01;31m[Khw_velocities_[m[K[i]));
[5.501s]       |                                                                  [01;31m[K^~~~~~~~~~~~~~[m[K
[5.502s] [01m[K/home/orin/ros2_ws/src/diffbot_description/hardware/diffbot_system.cpp:[m[K At global scope:
[5.502s] [01m[K/home/orin/ros2_ws/src/diffbot_description/hardware/diffbot_system.cpp:119:33:[m[K [01;31m[Kerror: [m[Kâ€˜[01m[KCommandInterface[m[Kâ€™ is not a member of â€˜[01m[Khardware_interface[m[Kâ€™
[5.502s]   119 | std::vector<hardware_interface::[01;31m[KCommandInterface[m[K> DiffBotSystemHardware::export_command_interfaces()
[5.502s]       |                                 [01;31m[K^~~~~~~~~~~~~~~~[m[K
[5.503s] [01m[K/home/orin/ros2_ws/src/diffbot_description/hardware/diffbot_system.cpp:119:49:[m[K [01;31m[Kerror: [m[Ktemplate argument 1 is invalid
[5.503s]   119 | std::vector<hardware_interface::CommandInterface[01;31m[K>[m[K DiffBotSystemHardware::export_command_interfaces()
[5.503s]       |                                                 [01;31m[K^[m[K
[5.503s] [01m[K/home/orin/ros2_ws/src/diffbot_description/hardware/diffbot_system.cpp:119:49:[m[K [01;31m[Kerror: [m[Ktemplate argument 2 is invalid
[5.503s] [01m[K/home/orin/ros2_ws/src/diffbot_description/hardware/diffbot_system.cpp:119:51:[m[K [01;31m[Kerror: [m[Kâ€˜[01m[KDiffBotSystemHardware[m[Kâ€™ has not been declared
[5.503s]   119 | std::vector<hardware_interface::CommandInterface> [01;31m[KDiffBotSystemHardware[m[K::export_command_interfaces()
[5.503s]       |                                                   [01;31m[K^~~~~~~~~~~~~~~~~~~~~[m[K
[5.504s] [01m[K/home/orin/ros2_ws/src/diffbot_description/hardware/diffbot_system.cpp:[m[K In function â€˜[01m[Kint diffbot_description::export_command_interfaces()[m[Kâ€™:
[5.504s] [01m[K/home/orin/ros2_ws/src/diffbot_description/hardware/diffbot_system.cpp:121:35:[m[K [01;31m[Kerror: [m[Kâ€˜[01m[KCommandInterface[m[Kâ€™ is not a member of â€˜[01m[Khardware_interface[m[Kâ€™
[5.504s]   121 |   std::vector<hardware_interface::[01;31m[KCommandInterface[m[K> command_interfaces;
[5.504s]       |                                   [01;31m[K^~~~~~~~~~~~~~~~[m[K
[5.504s] [01m[K/home/orin/ros2_ws/src/diffbot_description/hardware/diffbot_system.cpp:121:51:[m[K [01;31m[Kerror: [m[Ktemplate argument 1 is invalid
[5.504s]   121 |   std::vector<hardware_interface::CommandInterface[01;31m[K>[m[K command_interfaces;
[5.504s]       |                                                   [01;31m[K^[m[K
[5.505s] [01m[K/home/orin/ros2_ws/src/diffbot_description/hardware/diffbot_system.cpp:121:51:[m[K [01;31m[Kerror: [m[Ktemplate argument 2 is invalid
[5.510s] [01m[K/home/orin/ros2_ws/src/diffbot_description/hardware/diffbot_system.cpp:122:25:[m[K [01;31m[Kerror: [m[Kâ€˜[01m[Kinfo_[m[Kâ€™ was not declared in this scope
[5.510s]   122 |   for (auto i = 0u; i < [01;31m[Kinfo_[m[K.joints.size(); i++)
[5.510s]       |                         [01;31m[K^~~~~[m[K
[5.510s] [01m[K/home/orin/ros2_ws/src/diffbot_description/hardware/diffbot_system.cpp:124:24:[m[K [01;31m[Kerror: [m[Krequest for member â€˜[01m[Kemplace_back[m[Kâ€™ in â€˜[01m[Kcommand_interfaces[m[Kâ€™, which is of non-class type â€˜[01m[Kint[m[Kâ€™
[5.510s]   124 |     command_interfaces.[01;31m[Kemplace_back[m[K(hardware_interface::CommandInterface(
[5.510s]       |                        [01;31m[K^~~~~~~~~~~~[m[K
[5.510s] [01m[K/home/orin/ros2_ws/src/diffbot_description/hardware/diffbot_system.cpp:124:57:[m[K [01;31m[Kerror: [m[Kâ€˜[01m[KCommandInterface[m[Kâ€™ is not a member of â€˜[01m[Khardware_interface[m[Kâ€™
[5.511s]   124 |     command_interfaces.emplace_back(hardware_interface::[01;31m[KCommandInterface[m[K(
[5.511s]       |                                                         [01;31m[K^~~~~~~~~~~~~~~~[m[K
[5.520s] [01m[K/home/orin/ros2_ws/src/diffbot_description/hardware/diffbot_system.cpp:125:66:[m[K [01;31m[Kerror: [m[Kâ€˜[01m[Khw_commands_[m[Kâ€™ was not declared in this scope
[5.520s]   125 |       info_.joints[i].name, hardware_interface::HW_IF_VELOCITY, &[01;31m[Khw_commands_[m[K[i]));
[5.520s]       |                                                                  [01;31m[K^~~~~~~~~~~~[m[K
[5.520s] [01m[K/home/orin/ros2_ws/src/diffbot_description/hardware/diffbot_system.cpp:[m[K At global scope:
[5.520s] [01m[K/home/orin/ros2_ws/src/diffbot_description/hardware/diffbot_system.cpp:131:21:[m[K [01;31m[Kerror: [m[Kâ€˜[01m[KCallbackReturn[m[Kâ€™ in namespace â€˜[01m[Khardware_interface[m[Kâ€™ does not name a type
[5.520s]   131 | hardware_interface::[01;31m[KCallbackReturn[m[K DiffBotSystemHardware::on_activate(
[5.521s]       |                     [01;31m[K^~~~~~~~~~~~~~[m[K
[5.521s] [01m[K/home/orin/ros2_ws/src/diffbot_description/hardware/diffbot_system.cpp:160:21:[m[K [01;31m[Kerror: [m[Kâ€˜[01m[KCallbackReturn[m[Kâ€™ in namespace â€˜[01m[Khardware_interface[m[Kâ€™ does not name a type
[5.521s]   160 | hardware_interface::[01;31m[KCallbackReturn[m[K DiffBotSystemHardware::on_deactivate(
[5.521s]       |                     [01;31m[K^~~~~~~~~~~~~~[m[K
[5.521s] [01m[K/home/orin/ros2_ws/src/diffbot_description/hardware/diffbot_system.cpp:178:21:[m[K [01;31m[Kerror: [m[Kâ€˜[01m[Kreturn_type[m[Kâ€™ in namespace â€˜[01m[Khardware_interface[m[Kâ€™ does not name a type
[5.521s]   178 | hardware_interface::[01;31m[Kreturn_type[m[K DiffBotSystemHardware::read(
[5.521s]       |                     [01;31m[K^~~~~~~~~~~[m[K
[5.521s] [01m[K/home/orin/ros2_ws/src/diffbot_description/hardware/diffbot_system.cpp:203:21:[m[K [01;31m[Kerror: [m[Kâ€˜[01m[Kreturn_type[m[Kâ€™ in namespace â€˜[01m[Khardware_interface[m[Kâ€™ does not name a type
[5.522s]   203 | hardware_interface::[01;31m[Kreturn_type[m[K diffbot_description ::DiffBotSystemHardware::write(
[5.522s]       |                     [01;31m[K^~~~~~~~~~~[m[K
[5.557s] In file included from [01m[K/opt/ros/humble/include/class_loader/class_loader/class_loader.hpp:56[m[K,
[5.557s]                  from [01m[K/opt/ros/humble/include/pluginlib/pluginlib/class_list_macros.hpp:40[m[K,
[5.558s]                  from [01m[K/home/orin/ros2_ws/src/diffbot_description/hardware/diffbot_system.cpp:225[m[K:
[5.558s] [01m[K/home/orin/ros2_ws/src/diffbot_description/hardware/diffbot_system.cpp:227:3:[m[K [01;31m[Kerror: [m[Kâ€˜[01m[Kdiffbot_descriptionffBotSystemHardware[m[Kâ€™ does not name a type
[5.558s]   227 |   [01;31m[Kdiffbot_descriptionffBotSystemHardware[m[K, hardware_interface::SystemInterface)
[5.558s]       |   [01;31m[K^~~~~~~~~~~~~~~~~~~~~~~~~~~~~~~~~~~~~~[m[K
[5.559s] [01m[K/home/orin/ros2_ws/src/diffbot_description/hardware/diffbot_system.cpp:227:63:[m[K [01;31m[Kerror: [m[Kâ€˜[01m[KSystemInterface[m[Kâ€™ in namespace â€˜[01m[Khardware_interface[m[Kâ€™ does not name a type
[5.559s]   227 |   diffbot_descriptionffBotSystemHardware, hardware_interface::[01;31m[KSystemInterface[m[K)
[5.559s]       |                                                               [01;31m[K^~~~~~~~~~~~~~~[m[K
[5.576s] [01m[K/home/orin/ros2_ws/src/diffbot_description/hardware/diffbot_system.cpp:[m[K In constructor â€˜[01m[K{anonymous}::ProxyExec0::ProxyExec0()[m[Kâ€™:
[5.576s] [01m[K/home/orin/ros2_ws/src/diffbot_description/hardware/diffbot_system.cpp:226:1:[m[K [01;31m[Kerror: [m[Kâ€˜[01m[K_derived[m[Kâ€™ was not declared in this scope
[5.576s]   226 | [01;31m[KPLUGINLIB_EXPORT_CLASS[m[K(
[5.577s]       | [01;31m[K^~~~~~~~~~~~~~~~~~~~~~[m[K
[5.588s] [01m[K/home/orin/ros2_ws/src/diffbot_description/hardware/diffbot_system.cpp:226:1:[m[K [01;31m[Kerror: [m[Kâ€˜[01m[K_base[m[Kâ€™ was not declared in this scope
[5.588s]   226 | [01;31m[KPLUGINLIB_EXPORT_CLASS[m[K(
[5.588s]       | [01;31m[K^~~~~~~~~~~~~~~~~~~~~~[m[K
[5.588s] [01m[K/home/orin/ros2_ws/src/diffbot_description/hardware/diffbot_system.cpp:226:1:[m[K [01;31m[Kerror: [m[Kno matching function for call to â€˜[01m[KregisterPlugin<<expression error>, <expression error> >(const char [39], const char [36])[m[Kâ€™
[5.589s]   226 | [01;31m[KPLUGINLIB_EXPORT_CLASS[m[K(
[5.589s]       | [01;31m[K^~~~~~~~~~~~~~~~~~~~~~[m[K
[5.589s] In file included from [01m[K/opt/ros/humble/include/class_loader/class_loader/class_loader.hpp:55[m[K,
[5.589s]                  from [01m[K/opt/ros/humble/include/pluginlib/pluginlib/class_list_macros.hpp:40[m[K,
[5.589s]                  from [01m[K/home/orin/ros2_ws/src/diffbot_description/hardware/diffbot_system.cpp:225[m[K:
[5.589s] [01m[K/opt/ros/humble/include/class_loader/class_loader/class_loader_core.hpp:210:6:[m[K [01;36m[Knote: [m[Kcandidate: â€˜[01m[Ktemplate<class Derived, class Base> void class_loader::impl::registerPlugin(const string&, const string&)[m[Kâ€™
[5.589s]   210 | void [01;36m[KregisterPlugin[m[K(const std::string & class_name, const std::string & base_class_name)
[5.590s]       |      [01;36m[K^~~~~~~~~~~~~~[m[K
[5.590s] [01m[K/opt/ros/humble/include/class_loader/class_loader/class_loader_core.hpp:210:6:[m[K [01;36m[Knote: [m[K  template argument deduction/substitution failed:
[5.590s] In file included from [01m[K/opt/ros/humble/include/class_loader/class_loader/class_loader.hpp:56[m[K,
[5.590s]                  from [01m[K/opt/ros/humble/include/pluginlib/pluginlib/class_list_macros.hpp:40[m[K,
[5.590s]                  from [01m[K/home/orin/ros2_ws/src/diffbot_description/hardware/diffbot_system.cpp:225[m[K:
[5.590s] [01m[K/home/orin/ros2_ws/src/diffbot_description/hardware/diffbot_system.cpp:226:1:[m[K [01;31m[Kerror: [m[Ktemplate argument 1 is invalid
[5.590s]   226 | [01;31m[KPLUGINLIB_EXPORT_CLASS[m[K(
[5.590s]       | [01;31m[K^~~~~~~~~~~~~~~~~~~~~~[m[K
[5.591s] [01m[K/home/orin/ros2_ws/src/diffbot_description/hardware/diffbot_system.cpp:226:1:[m[K [01;31m[Kerror: [m[Ktemplate argument 2 is invalid
[6.586s] gmake[2]: *** [CMakeFiles/diffbot_description.dir/build.make:76: CMakeFiles/diffbot_description.dir/hardware/diffbot_system.cpp.o] Error 1
[6.586s] gmake[1]: *** [CMakeFiles/Makefile2:137: CMakeFiles/diffbot_description.dir/all] Error 2
[6.586s] gmake: *** [Makefile:146: all] Error 2
[6.594s] Invoked command in '/home/orin/ros2_ws/build/diffbot_description' returned '2': CMAKE_PREFIX_PATH=/opt/ros/humble /usr/bin/cmake --build /home/orin/ros2_ws/build/diffbot_description -- -j6 -l6
