[0.046s] Invoking command in '/home/orin/ros2_ws/build/diffdrive_arduino': CMAKE_PREFIX_PATH=/home/orin/ros2_ws/install/sllidar_ros2:/home/orin/ros2_ws/install/ros2_control_demos:/home/orin/ros2_ws/install/ros2_control_demo_example_9:/home/orin/ros2_ws/install/ros2_control_demo_example_8:/home/orin/ros2_ws/install/ros2_control_demo_example_7:/home/orin/ros2_ws/install/ros2_control_demo_example_6:/home/orin/ros2_ws/install/ros2_control_demo_example_15:/home/orin/ros2_ws/install/ros2_control_demo_example_13:/home/orin/ros2_ws/install/ros2_control_demo_example_5:/home/orin/ros2_ws/install/ros2_control_demo_example_4:/home/orin/ros2_ws/install/ros2_control_demo_example_3:/home/orin/ros2_ws/install/ros2_control_demo_example_2:/home/orin/ros2_ws/install/ros2_control_demo_example_12:/home/orin/ros2_ws/install/ros2_control_demo_example_11:/home/orin/ros2_ws/install/ros2_control_demo_example_10:/home/orin/ros2_ws/install/ros2_control_demo_example_1:/home/orin/ros2_ws/install/my_bot_description:/home/orin/ros2_ws/install/ros2_control_demo_description:/home/orin/ros2_ws/install/my_bot_imu:/home/orin/ros2_ws/install/wheel_encoder_odometry:/home/orin/ros2_ws/install/simple_map_test:/home/orin/ros2_ws/install/ros2_control_demo_testing:/home/orin/ros2_ws/install/ros2_control_demo_example_14:/home/orin/ros2_ws/install/launch_testing_examples:/home/orin/ros2_ws/install/hcsr04_sensor:/home/orin/ros2_ws/install/examples_rclpy_pointcloud_publisher:/home/orin/ros2_ws/install/examples_rclpy_minimal_subscriber:/home/orin/ros2_ws/install/examples_rclpy_minimal_service:/home/orin/ros2_ws/install/examples_rclpy_minimal_publisher:/home/orin/ros2_ws/install/examples_rclpy_minimal_client:/home/orin/ros2_ws/install/examples_rclpy_minimal_action_server:/home/orin/ros2_ws/install/examples_rclpy_minimal_action_client:/home/orin/ros2_ws/install/examples_rclpy_guard_conditions:/home/orin/ros2_ws/install/examples_rclpy_executors:/home/orin/ros2_ws/install/encoder_ultrasonic_package:/home/orin/ros2_ws/install/encoder_odom:/home/orin/ros2_ws/install/arduino_odometry:/home/orin/ros2_ws/install/arduino_encoder_odom:/opt/ros/humble:/home/orin/ros2_ws/install/mobile_robot_description:/home/orin/ros2_ws/install/image_geometry:/home/orin/ros2_ws/install/gazebo_dev:/home/orin/ros2_ws/install/examples_rclcpp_wait_set:/home/orin/ros2_ws/install/examples_rclcpp_multithreaded_executor:/home/orin/ros2_ws/install/examples_rclcpp_minimal_timer:/home/orin/ros2_ws/install/examples_rclcpp_minimal_subscriber:/home/orin/ros2_ws/install/examples_rclcpp_minimal_service:/home/orin/ros2_ws/install/examples_rclcpp_minimal_publisher:/home/orin/ros2_ws/install/examples_rclcpp_minimal_composition:/home/orin/ros2_ws/install/examples_rclcpp_minimal_client:/home/orin/ros2_ws/install/examples_rclcpp_minimal_action_server:/home/orin/ros2_ws/install/examples_rclcpp_minimal_action_client:/home/orin/ros2_ws/install/examples_rclcpp_cbg_executor:/home/orin/ros2_ws/install/examples_rclcpp_async_client:/home/orin/ros2_ws/install/diffdrive_arduino:/home/orin/ros2_ws/install/diffbot_description:/home/orin/ros2_ws/install/depthai-ros:/home/orin/ros2_ws/install/depthai_ros_driver:/home/orin/ros2_ws/install/depthai_filters:/home/orin/ros2_ws/install/depthai_examples:/home/orin/ros2_ws/install/depthai_bridge:/home/orin/ros2_ws/install/depthai_ros_msgs:/home/orin/ros2_ws/install/depthai_descriptions:/home/orin/ros2_ws/install/cv_bridge:/home/orin/ros2_ws/install/articubot_one:/home/orin/ros2_ws/install/arduino_serial_comm /usr/bin/cmake --build /home/orin/ros2_ws/build/diffdrive_arduino -- -j6 -l6
[0.266s] [ 50%] [32mBuilding CXX object CMakeFiles/diffdrive_arduino.dir/hardware/diffbot_system.cpp.o[0m
[6.825s] [01m[K/home/orin/ros2_ws/src/diffdrive_arduino/hardware/diffbot_system.cpp:[m[K In member function â€˜[01m[Kvirtual hardware_interface::return_type diffdrive_arduino::DiffDriveArduinoHardware::read(const rclcpp::Time&, const rclcpp::Duration&)[m[Kâ€™:
[6.825s] [01m[K/home/orin/ros2_ws/src/diffdrive_arduino/hardware/diffbot_system.cpp:239:10:[m[K [01;31m[Kerror: [m[Kredeclaration of â€˜[01m[Kdouble pos_prev[m[Kâ€™
[6.825s]   239 |   double [01;31m[Kpos_prev[m[K = wheel_r_l_.pos;
[6.826s]       |          [01;31m[K^~~~~~~~[m[K
[6.826s] [01m[K/home/orin/ros2_ws/src/diffdrive_arduino/hardware/diffbot_system.cpp:231:10:[m[K [01;36m[Knote: [m[Kâ€˜[01m[Kdouble pos_prev[m[Kâ€™ previously declared here
[6.826s]   231 |   double [01;36m[Kpos_prev[m[K = wheel_f_l_.pos;
[6.827s]       |          [01;36m[K^~~~~~~~[m[K
[6.845s] [01m[K/home/orin/ros2_ws/src/diffdrive_arduino/hardware/diffbot_system.cpp:[m[K In member function â€˜[01m[Kvirtual hardware_interface::return_type diffdrive_arduino::DiffDriveArduinoHardware::write(const rclcpp::Time&, const rclcpp::Duration&)[m[Kâ€™:
[6.845s] [01m[K/home/orin/ros2_ws/src/diffdrive_arduino/hardware/diffbot_system.cpp:263:27:[m[K [01;31m[Kerror: [m[Kâ€˜[01m[Kmotor_l_counts_per_loop[m[Kâ€™ was not declared in this scope; did you mean â€˜[01m[Kmotor_r_l_counts_per_loop[m[Kâ€™?
[6.845s]   263 |   comms_.set_motor_values([01;31m[Kmotor_l_counts_per_loop[m[K, motor_r_counts_per_loop);
[6.846s]       |                           [01;31m[K^~~~~~~~~~~~~~~~~~~~~~~[m[K
[6.846s]       |                           [32m[Kmotor_r_l_counts_per_loop[m[K
[6.862s] [01m[K/home/orin/ros2_ws/src/diffdrive_arduino/hardware/diffbot_system.cpp:263:52:[m[K [01;31m[Kerror: [m[Kâ€˜[01m[Kmotor_r_counts_per_loop[m[Kâ€™ was not declared in this scope; did you mean â€˜[01m[Kmotor_r_r_counts_per_loop[m[Kâ€™?
[6.862s]   263 |   comms_.set_motor_values(motor_l_counts_per_loop, [01;31m[Kmotor_r_counts_per_loop[m[K);
[6.863s]       |                                                    [01;31m[K^~~~~~~~~~~~~~~~~~~~~~~[m[K
[6.863s]       |                                                    [32m[Kmotor_r_r_counts_per_loop[m[K
[6.863s] [01m[K/home/orin/ros2_ws/src/diffdrive_arduino/hardware/diffbot_system.cpp:258:7:[m[K [01;35m[Kwarning: [m[Kunused variable â€˜[01m[Kmotor_f_l_counts_per_loop[m[Kâ€™ [[01;35m[K]8;;https://gcc.gnu.org/onlinedocs/gcc/Warning-Options.html#index-Wunused-variable-Wunused-variable]8;;[m[K]
[6.863s]   258 |   int [01;35m[Kmotor_f_l_counts_per_loop[m[K = wheel_f_l_.cmd / wheel_f_l_.rads_per_count / cfg_.loop_rate;
[6.864s]       |       [01;35m[K^~~~~~~~~~~~~~~~~~~~~~~~~[m[K
[6.864s] [01m[K/home/orin/ros2_ws/src/diffdrive_arduino/hardware/diffbot_system.cpp:259:7:[m[K [01;35m[Kwarning: [m[Kunused variable â€˜[01m[Kmotor_f_r_counts_per_loop[m[Kâ€™ [[01;35m[K]8;;https://gcc.gnu.org/onlinedocs/gcc/Warning-Options.html#index-Wunused-variable-Wunused-variable]8;;[m[K]
[6.864s]   259 |   int [01;35m[Kmotor_f_r_counts_per_loop[m[K = wheel_f_r_.cmd / wheel_f_r_.rads_per_count / cfg_.loop_rate;
[6.864s]       |       [01;35m[K^~~~~~~~~~~~~~~~~~~~~~~~~[m[K
[6.865s] [01m[K/home/orin/ros2_ws/src/diffdrive_arduino/hardware/diffbot_system.cpp:260:7:[m[K [01;35m[Kwarning: [m[Kunused variable â€˜[01m[Kmotor_r_l_counts_per_loop[m[Kâ€™ [[01;35m[K]8;;https://gcc.gnu.org/onlinedocs/gcc/Warning-Options.html#index-Wunused-variable-Wunused-variable]8;;[m[K]
[6.865s]   260 |   int [01;35m[Kmotor_r_l_counts_per_loop[m[K = wheel_r_l_.cmd / wheel_r_l_.rads_per_count / cfg_.loop_rate;
[6.865s]       |       [01;35m[K^~~~~~~~~~~~~~~~~~~~~~~~~[m[K
[6.865s] [01m[K/home/orin/ros2_ws/src/diffdrive_arduino/hardware/diffbot_system.cpp:261:7:[m[K [01;35m[Kwarning: [m[Kunused variable â€˜[01m[Kmotor_r_r_counts_per_loop[m[Kâ€™ [[01;35m[K]8;;https://gcc.gnu.org/onlinedocs/gcc/Warning-Options.html#index-Wunused-variable-Wunused-variable]8;;[m[K]
[6.865s]   261 |   int [01;35m[Kmotor_r_r_counts_per_loop[m[K = wheel_r_r_.cmd / wheel_r_r_.rads_per_count / cfg_.loop_rate;
[6.865s]       |       [01;35m[K^~~~~~~~~~~~~~~~~~~~~~~~~[m[K
[8.218s] gmake[2]: *** [CMakeFiles/diffdrive_arduino.dir/build.make:76: CMakeFiles/diffdrive_arduino.dir/hardware/diffbot_system.cpp.o] Error 1
[8.218s] gmake[1]: *** [CMakeFiles/Makefile2:137: CMakeFiles/diffdrive_arduino.dir/all] Error 2
[8.219s] gmake: *** [Makefile:146: all] Error 2
[8.224s] Invoked command in '/home/orin/ros2_ws/build/diffdrive_arduino' returned '2': CMAKE_PREFIX_PATH=/home/orin/ros2_ws/install/sllidar_ros2:/home/orin/ros2_ws/install/ros2_control_demos:/home/orin/ros2_ws/install/ros2_control_demo_example_9:/home/orin/ros2_ws/install/ros2_control_demo_example_8:/home/orin/ros2_ws/install/ros2_control_demo_example_7:/home/orin/ros2_ws/install/ros2_control_demo_example_6:/home/orin/ros2_ws/install/ros2_control_demo_example_15:/home/orin/ros2_ws/install/ros2_control_demo_example_13:/home/orin/ros2_ws/install/ros2_control_demo_example_5:/home/orin/ros2_ws/install/ros2_control_demo_example_4:/home/orin/ros2_ws/install/ros2_control_demo_example_3:/home/orin/ros2_ws/install/ros2_control_demo_example_2:/home/orin/ros2_ws/install/ros2_control_demo_example_12:/home/orin/ros2_ws/install/ros2_control_demo_example_11:/home/orin/ros2_ws/install/ros2_control_demo_example_10:/home/orin/ros2_ws/install/ros2_control_demo_example_1:/home/orin/ros2_ws/install/my_bot_description:/home/orin/ros2_ws/install/ros2_control_demo_description:/home/orin/ros2_ws/install/my_bot_imu:/home/orin/ros2_ws/install/wheel_encoder_odometry:/home/orin/ros2_ws/install/simple_map_test:/home/orin/ros2_ws/install/ros2_control_demo_testing:/home/orin/ros2_ws/install/ros2_control_demo_example_14:/home/orin/ros2_ws/install/launch_testing_examples:/home/orin/ros2_ws/install/hcsr04_sensor:/home/orin/ros2_ws/install/examples_rclpy_pointcloud_publisher:/home/orin/ros2_ws/install/examples_rclpy_minimal_subscriber:/home/orin/ros2_ws/install/examples_rclpy_minimal_service:/home/orin/ros2_ws/install/examples_rclpy_minimal_publisher:/home/orin/ros2_ws/install/examples_rclpy_minimal_client:/home/orin/ros2_ws/install/examples_rclpy_minimal_action_server:/home/orin/ros2_ws/install/examples_rclpy_minimal_action_client:/home/orin/ros2_ws/install/examples_rclpy_guard_conditions:/home/orin/ros2_ws/install/examples_rclpy_executors:/home/orin/ros2_ws/install/encoder_ultrasonic_package:/home/orin/ros2_ws/install/encoder_odom:/home/orin/ros2_ws/install/arduino_odometry:/home/orin/ros2_ws/install/arduino_encoder_odom:/opt/ros/humble:/home/orin/ros2_ws/install/mobile_robot_description:/home/orin/ros2_ws/install/image_geometry:/home/orin/ros2_ws/install/gazebo_dev:/home/orin/ros2_ws/install/examples_rclcpp_wait_set:/home/orin/ros2_ws/install/examples_rclcpp_multithreaded_executor:/home/orin/ros2_ws/install/examples_rclcpp_minimal_timer:/home/orin/ros2_ws/install/examples_rclcpp_minimal_subscriber:/home/orin/ros2_ws/install/examples_rclcpp_minimal_service:/home/orin/ros2_ws/install/examples_rclcpp_minimal_publisher:/home/orin/ros2_ws/install/examples_rclcpp_minimal_composition:/home/orin/ros2_ws/install/examples_rclcpp_minimal_client:/home/orin/ros2_ws/install/examples_rclcpp_minimal_action_server:/home/orin/ros2_ws/install/examples_rclcpp_minimal_action_client:/home/orin/ros2_ws/install/examples_rclcpp_cbg_executor:/home/orin/ros2_ws/install/examples_rclcpp_async_client:/home/orin/ros2_ws/install/diffdrive_arduino:/home/orin/ros2_ws/install/diffbot_description:/home/orin/ros2_ws/install/depthai-ros:/home/orin/ros2_ws/install/depthai_ros_driver:/home/orin/ros2_ws/install/depthai_filters:/home/orin/ros2_ws/install/depthai_examples:/home/orin/ros2_ws/install/depthai_bridge:/home/orin/ros2_ws/install/depthai_ros_msgs:/home/orin/ros2_ws/install/depthai_descriptions:/home/orin/ros2_ws/install/cv_bridge:/home/orin/ros2_ws/install/articubot_one:/home/orin/ros2_ws/install/arduino_serial_comm /usr/bin/cmake --build /home/orin/ros2_ws/build/diffdrive_arduino -- -j6 -l6
