[0.044s] Invoking command in '/home/orin/ros2_ws/build/my_bot_description': /usr/bin/cmake --build /home/orin/ros2_ws/build/my_bot_description -- -j6 -l6
[0.130s] -- Found hardware_interface: 2.48.0 (/opt/ros/humble/share/hardware_interface/cmake)
[0.563s] -- Override CMake install command with custom implementation using symlinks instead of copying resources
[0.705s] -- Found rosidl_generator_c: 3.1.6 (/opt/ros/humble/share/rosidl_generator_c/cmake)
[0.714s] -- Found rosidl_adapter: 3.1.6 (/opt/ros/humble/share/rosidl_adapter/cmake)
[0.742s] -- Found rosidl_generator_cpp: 3.1.6 (/opt/ros/humble/share/rosidl_generator_cpp/cmake)
[0.780s] -- Using all available rosidl_typesupport_c: rosidl_typesupport_fastrtps_c;rosidl_typesupport_introspection_c
[0.820s] -- Using all available rosidl_typesupport_cpp: rosidl_typesupport_fastrtps_cpp;rosidl_typesupport_introspection_cpp
[1.338s] -- Found rmw_implementation_cmake: 6.1.2 (/opt/ros/humble/share/rmw_implementation_cmake/cmake)
[1.352s] -- Found rmw_fastrtps_cpp: 6.2.7 (/opt/ros/humble/share/rmw_fastrtps_cpp/cmake)
[1.415s] -- Found TinyXML2 via Config file: TinyXML2_DIR-NOTFOUND
[1.441s] -- Found TinyXML2 via Config file: TinyXML2_DIR-NOTFOUND
[1.488s] -- Found TinyXML2 via Config file: TinyXML2_DIR-NOTFOUND
[1.508s] -- Found TinyXML2 via Config file: TinyXML2_DIR-NOTFOUND
[1.539s] -- Using RMW implementation 'rmw_fastrtps_cpp' as default
[1.679s] -- Found ament_lint_auto: 0.12.11 (/opt/ros/humble/share/ament_lint_auto/cmake)
[1.852s] Error parsing '/home/orin/ros2_ws/src/my_bot_description/package.xml':
[1.989s] Traceback (most recent call last):
[1.989s]   File "/opt/ros/humble/share/ament_cmake_core/cmake/core/package_xml_2_cmake.py", line 150, in <module>
[1.989s]     main()
[1.989s]   File "/opt/ros/humble/share/ament_cmake_core/cmake/core/package_xml_2_cmake.py", line 53, in main
[1.990s]     raise e
[1.990s]   File "/opt/ros/humble/share/ament_cmake_core/cmake/core/package_xml_2_cmake.py", line 49, in main
[1.990s]     package = parse_package_string(
[1.990s]   File "/usr/lib/python3/dist-packages/catkin_pkg/package.py", line 786, in parse_package_string
[1.991s]     raise InvalidPackage('Error(s):%s' % (''.join(['\n- %s' % e for e in errors])), filename)
[1.991s] catkin_pkg.package.InvalidPackage: Error(s) in package '/home/orin/ros2_ws/src/my_bot_description/package.xml':
[1.991s] Error(s):
[1.991s] - The generic dependency on 'rclcpp' is redundant with: build_depend, exec_depend
[1.991s] - The generic dependency on 'std_msgs' is redundant with: build_depend, exec_depend
[2.047s] [31mCMake Error at /opt/ros/humble/share/ament_cmake_core/cmake/core/ament_package_xml.cmake:95 (message):
[2.047s]   execute_process(/usr/bin/python3
[2.048s]   /opt/ros/humble/share/ament_cmake_core/cmake/core/package_xml_2_cmake.py
[2.048s]   /home/orin/ros2_ws/src/my_bot_description/package.xml
[2.048s]   /home/orin/ros2_ws/build/my_bot_description/ament_cmake_core/package.cmake)
[2.048s]   returned error code 1
[2.048s] Call Stack (most recent call first):
[2.048s]   /opt/ros/humble/share/ament_cmake_core/cmake/core/ament_package_xml.cmake:49 (_ament_package_xml)
[2.048s]   /opt/ros/humble/share/ament_lint_auto/cmake/ament_lint_auto_find_test_dependencies.cmake:31 (ament_package_xml)
[2.049s]   CMakeLists.txt:58 (ament_lint_auto_find_test_dependencies)
[2.049s] 
[2.049s] [0m
[2.049s] -- Configuring incomplete, errors occurred!
[2.049s] See also "/home/orin/ros2_ws/build/my_bot_description/CMakeFiles/CMakeOutput.log".
[2.105s] gmake: *** [Makefile:267: cmake_check_build_system] Error 1
[2.109s] Invoked command in '/home/orin/ros2_ws/build/my_bot_description' returned '2': /usr/bin/cmake --build /home/orin/ros2_ws/build/my_bot_description -- -j6 -l6
