[0.059s] Invoking command in '/home/orin/ros2_ws/build/my_bot_description': CMAKE_PREFIX_PATH=/home/orin/ros2_ws/install/sllidar_ros2:/home/orin/ros2_ws/install/ros2_control_demos:/home/orin/ros2_ws/install/ros2_control_demo_example_9:/home/orin/ros2_ws/install/ros2_control_demo_example_8:/home/orin/ros2_ws/install/ros2_control_demo_example_7:/home/orin/ros2_ws/install/ros2_control_demo_example_6:/home/orin/ros2_ws/install/ros2_control_demo_example_15:/home/orin/ros2_ws/install/ros2_control_demo_example_13:/home/orin/ros2_ws/install/ros2_control_demo_example_5:/home/orin/ros2_ws/install/ros2_control_demo_example_4:/home/orin/ros2_ws/install/ros2_control_demo_example_3:/home/orin/ros2_ws/install/ros2_control_demo_example_2:/home/orin/ros2_ws/install/ros2_control_demo_example_14:/home/orin/ros2_ws/install/ros2_control_demo_example_12:/home/orin/ros2_ws/install/ros2_control_demo_example_11:/home/orin/ros2_ws/install/ros2_control_demo_example_10:/home/orin/ros2_ws/install/ros2_control_demo_example_1:/home/orin/ros2_ws/install/ros2_control_demo_description:/home/orin/ros2_ws/install/my_bot_imu:/home/orin/ros2_ws/install/my_bot_description:/home/orin/ros2_ws/install/wheel_encoder_odometry:/home/orin/ros2_ws/install/ros2_control_demo_testing:/home/orin/ros2_ws/install/launch_testing_examples:/home/orin/ros2_ws/install/hcsr04_sensor:/home/orin/ros2_ws/install/examples_rclpy_pointcloud_publisher:/home/orin/ros2_ws/install/examples_rclpy_minimal_subscriber:/home/orin/ros2_ws/install/examples_rclpy_minimal_service:/home/orin/ros2_ws/install/examples_rclpy_minimal_publisher:/home/orin/ros2_ws/install/examples_rclpy_minimal_client:/home/orin/ros2_ws/install/examples_rclpy_minimal_action_server:/home/orin/ros2_ws/install/examples_rclpy_minimal_action_client:/home/orin/ros2_ws/install/examples_rclpy_guard_conditions:/home/orin/ros2_ws/install/examples_rclpy_executors:/home/orin/ros2_ws/install/encoder_ultrasonic_package:/home/orin/ros2_ws/install/arduino_odometry:/home/orin/ros2_ws/install/arduino_encoder_odom:/opt/ros/humble:/home/orin/ros2_ws/install/mobile_robot_description:/home/orin/ros2_ws/install/image_geometry:/home/orin/ros2_ws/install/gazebo_dev:/home/orin/ros2_ws/install/examples_rclcpp_wait_set:/home/orin/ros2_ws/install/examples_rclcpp_multithreaded_executor:/home/orin/ros2_ws/install/examples_rclcpp_minimal_timer:/home/orin/ros2_ws/install/examples_rclcpp_minimal_subscriber:/home/orin/ros2_ws/install/examples_rclcpp_minimal_service:/home/orin/ros2_ws/install/examples_rclcpp_minimal_publisher:/home/orin/ros2_ws/install/examples_rclcpp_minimal_composition:/home/orin/ros2_ws/install/examples_rclcpp_minimal_client:/home/orin/ros2_ws/install/examples_rclcpp_minimal_action_server:/home/orin/ros2_ws/install/examples_rclcpp_minimal_action_client:/home/orin/ros2_ws/install/examples_rclcpp_cbg_executor:/home/orin/ros2_ws/install/examples_rclcpp_async_client:/home/orin/ros2_ws/install/diffdrive_arduino:/home/orin/ros2_ws/install/diffbot_description:/home/orin/ros2_ws/install/depthai-ros:/home/orin/ros2_ws/install/depthai_ros_driver:/home/orin/ros2_ws/install/depthai_filters:/home/orin/ros2_ws/install/depthai_examples:/home/orin/ros2_ws/install/depthai_bridge:/home/orin/ros2_ws/install/depthai_ros_msgs:/home/orin/ros2_ws/install/depthai_descriptions:/home/orin/ros2_ws/install/cv_bridge:/home/orin/ros2_ws/install/articubot_one:/home/orin/ros2_ws/install/arduino_serial_comm /usr/bin/cmake --build /home/orin/ros2_ws/build/my_bot_description -- -j6 -l6
[0.400s] [ 50%] [32mBuilding CXX object CMakeFiles/my_bot_description.dir/hardware/diffbot_system.cpp.o[0m
[2.930s] In file included from [01m[K/home/orin/ros2_ws/src/my_bot_description/hardware/diffbot_system.cpp:15[m[K:
[2.930s] [01m[K/home/orin/ros2_ws/src/my_bot_description/hardware/include/my_bot_ros2_control/diffbot_system.hpp:38:55:[m[K [01;35m[Kwarning: [m[Kextra â€˜[01m[K;[m[Kâ€™ [[01;35m[K]8;;https://gcc.gnu.org/onlinedocs/gcc/Warning-Options.html#index-Wpedantic-Wpedantic]8;;[m[K]
[2.931s]    38 |   RCLCPP_SHARED_PTR_DEFINITIONS(DiffBotSystemHardware)[01;35m[K;[m[K
[2.931s]       |                                                       [01;35m[K^[m[K
[2.931s]       |                                                       [31m[K-[m[K
[6.524s] [01m[K/home/orin/ros2_ws/src/my_bot_description/hardware/diffbot_system.cpp:30:36:[m[K [01;31m[Kerror: [m[Kâ€˜[01m[KDiffBotSystemHardware[m[Kâ€™ has not been declared
[6.524s]    30 | hardware_interface::CallbackReturn [01;31m[KDiffBotSystemHardware[m[K::on_init(
[6.526s]       |                                    [01;31m[K^~~~~~~~~~~~~~~~~~~~~[m[K
[6.527s] [01m[K/home/orin/ros2_ws/src/my_bot_description/hardware/diffbot_system.cpp:[m[K In function â€˜[01m[Khardware_interface::CallbackReturn my_bot_ros2_control::on_init(const hardware_interface::HardwareInfo&)[m[Kâ€™:
[6.527s] [01m[K/home/orin/ros2_ws/src/my_bot_description/hardware/diffbot_system.cpp:34:49:[m[K [01;31m[Kerror: [m[Kcannot call member function â€˜[01m[Kvirtual rclcpp_lifecycle::node_interfaces::LifecycleNodeInterface::CallbackReturn hardware_interface::SystemInterface::on_init(const hardware_interface::HardwareInfo&)[m[Kâ€™ without object
[6.528s]    34 |     [01;31m[Khardware_interface::SystemInterface::on_init(info)[m[K !=
[6.529s]       |     [01;31m[K~~~~~~~~~~~~~~~~~~~~~~~~~~~~~~~~~~~~~~~~~~~~^~~~~~[m[K
[6.535s] [01m[K/home/orin/ros2_ws/src/my_bot_description/hardware/diffbot_system.cpp:41:3:[m[K [01;31m[Kerror: [m[Kâ€˜[01m[Khw_start_sec_[m[Kâ€™ was not declared in this scope
[6.535s]    41 |   [01;31m[Khw_start_sec_[m[K =
[6.535s]       |   [01;31m[K^~~~~~~~~~~~~[m[K
[6.544s] [01m[K/home/orin/ros2_ws/src/my_bot_description/hardware/diffbot_system.cpp:42:30:[m[K [01;31m[Kerror: [m[Kâ€˜[01m[Kinfo_[m[Kâ€™ was not declared in this scope; did you mean â€˜[01m[Kinfo[m[Kâ€™?
[6.544s]    42 |     hardware_interface::stod([01;31m[Kinfo_[m[K.hardware_parameters["example_param_hw_start_duration_sec"]);
[6.544s]       |                              [01;31m[K^~~~~[m[K
[6.544s]       |                              [32m[Kinfo[m[K
[6.553s] [01m[K/home/orin/ros2_ws/src/my_bot_description/hardware/diffbot_system.cpp:43:3:[m[K [01;31m[Kerror: [m[Kâ€˜[01m[Khw_stop_sec_[m[Kâ€™ was not declared in this scope
[6.553s]    43 |   [01;31m[Khw_stop_sec_[m[K =
[6.553s]       |   [01;31m[K^~~~~~~~~~~~[m[K
[6.563s] [01m[K/home/orin/ros2_ws/src/my_bot_description/hardware/diffbot_system.cpp:46:3:[m[K [01;31m[Kerror: [m[Kâ€˜[01m[Khw_positions_[m[Kâ€™ was not declared in this scope
[6.563s]    46 |   [01;31m[Khw_positions_[m[K.resize(info_.joints.size(), std::numeric_limits<double>::quiet_NaN());
[6.564s]       |   [01;31m[K^~~~~~~~~~~~~[m[K
[6.573s] [01m[K/home/orin/ros2_ws/src/my_bot_description/hardware/diffbot_system.cpp:47:3:[m[K [01;31m[Kerror: [m[Kâ€˜[01m[Khw_velocities_[m[Kâ€™ was not declared in this scope
[6.573s]    47 |   [01;31m[Khw_velocities_[m[K.resize(info_.joints.size(), std::numeric_limits<double>::quiet_NaN());
[6.574s]       |   [01;31m[K^~~~~~~~~~~~~~[m[K
[6.582s] [01m[K/home/orin/ros2_ws/src/my_bot_description/hardware/diffbot_system.cpp:48:3:[m[K [01;31m[Kerror: [m[Kâ€˜[01m[Khw_commands_[m[Kâ€™ was not declared in this scope
[6.583s]    48 |   [01;31m[Khw_commands_[m[K.resize(info_.joints.size(), std::numeric_limits<double>::quiet_NaN());
[6.583s]       |   [01;31m[K^~~~~~~~~~~~[m[K
[6.590s] [01m[K/home/orin/ros2_ws/src/my_bot_description/hardware/diffbot_system.cpp:[m[K At global scope:
[6.590s] [01m[K/home/orin/ros2_ws/src/my_bot_description/hardware/diffbot_system.cpp:102:49:[m[K [01;31m[Kerror: [m[Kâ€˜[01m[KDiffBotSystemHardware[m[Kâ€™ has not been declared
[6.591s]   102 | std::vector<hardware_interface::StateInterface> [01;31m[KDiffBotSystemHardware[m[K::export_state_interfaces()
[6.591s]       |                                                 [01;31m[K^~~~~~~~~~~~~~~~~~~~~[m[K
[6.610s] [01m[K/home/orin/ros2_ws/src/my_bot_description/hardware/diffbot_system.cpp:[m[K In function â€˜[01m[Kstd::vector<hardware_interface::StateInterface> my_bot_ros2_control::export_state_interfaces()[m[Kâ€™:
[6.610s] [01m[K/home/orin/ros2_ws/src/my_bot_description/hardware/diffbot_system.cpp:105:25:[m[K [01;31m[Kerror: [m[Kâ€˜[01m[Kinfo_[m[Kâ€™ was not declared in this scope
[6.610s]   105 |   for (auto i = 0u; i < [01;31m[Kinfo_[m[K.joints.size(); i++)
[6.611s]       |                         [01;31m[K^~~~~[m[K
[6.618s] [01m[K/home/orin/ros2_ws/src/my_bot_description/hardware/diffbot_system.cpp:108:66:[m[K [01;31m[Kerror: [m[Kâ€˜[01m[Khw_positions_[m[Kâ€™ was not declared in this scope
[6.618s]   108 |       info_.joints[i].name, hardware_interface::HW_IF_POSITION, &[01;31m[Khw_positions_[m[K[i]));
[6.618s]       |                                                                  [01;31m[K^~~~~~~~~~~~~[m[K
[6.630s] [01m[K/home/orin/ros2_ws/src/my_bot_description/hardware/diffbot_system.cpp:110:66:[m[K [01;31m[Kerror: [m[Kâ€˜[01m[Khw_velocities_[m[Kâ€™ was not declared in this scope
[6.630s]   110 |       info_.joints[i].name, hardware_interface::HW_IF_VELOCITY, &[01;31m[Khw_velocities_[m[K[i]));
[6.630s]       |                                                                  [01;31m[K^~~~~~~~~~~~~~[m[K
[6.631s] [01m[K/home/orin/ros2_ws/src/my_bot_description/hardware/diffbot_system.cpp:[m[K At global scope:
[6.631s] [01m[K/home/orin/ros2_ws/src/my_bot_description/hardware/diffbot_system.cpp:116:51:[m[K [01;31m[Kerror: [m[Kâ€˜[01m[KDiffBotSystemHardware[m[Kâ€™ has not been declared
[6.631s]   116 | std::vector<hardware_interface::CommandInterface> [01;31m[KDiffBotSystemHardware[m[K::export_command_interfaces()
[6.631s]       |                                                   [01;31m[K^~~~~~~~~~~~~~~~~~~~~[m[K
[6.645s] [01m[K/home/orin/ros2_ws/src/my_bot_description/hardware/diffbot_system.cpp:[m[K In function â€˜[01m[Kstd::vector<hardware_interface::CommandInterface> my_bot_ros2_control::export_command_interfaces()[m[Kâ€™:
[6.645s] [01m[K/home/orin/ros2_ws/src/my_bot_description/hardware/diffbot_system.cpp:119:25:[m[K [01;31m[Kerror: [m[Kâ€˜[01m[Kinfo_[m[Kâ€™ was not declared in this scope
[6.645s]   119 |   for (auto i = 0u; i < [01;31m[Kinfo_[m[K.joints.size(); i++)
[6.646s]       |                         [01;31m[K^~~~~[m[K
[6.654s] [01m[K/home/orin/ros2_ws/src/my_bot_description/hardware/diffbot_system.cpp:122:66:[m[K [01;31m[Kerror: [m[Kâ€˜[01m[Khw_commands_[m[Kâ€™ was not declared in this scope
[6.654s]   122 |       info_.joints[i].name, hardware_interface::HW_IF_VELOCITY, &[01;31m[Khw_commands_[m[K[i]));
[6.654s]       |                                                                  [01;31m[K^~~~~~~~~~~~[m[K
[6.655s] [01m[K/home/orin/ros2_ws/src/my_bot_description/hardware/diffbot_system.cpp:[m[K At global scope:
[6.655s] [01m[K/home/orin/ros2_ws/src/my_bot_description/hardware/diffbot_system.cpp:128:36:[m[K [01;31m[Kerror: [m[Kâ€˜[01m[KDiffBotSystemHardware[m[Kâ€™ has not been declared
[6.655s]   128 | hardware_interface::CallbackReturn [01;31m[KDiffBotSystemHardware[m[K::on_activate(
[6.655s]       |                                    [01;31m[K^~~~~~~~~~~~~~~~~~~~~[m[K
[6.666s] [01m[K/home/orin/ros2_ws/src/my_bot_description/hardware/diffbot_system.cpp:[m[K In function â€˜[01m[Khardware_interface::CallbackReturn my_bot_ros2_control::on_activate(const rclcpp_lifecycle::State&)[m[Kâ€™:
[6.667s] [01m[K/home/orin/ros2_ws/src/my_bot_description/hardware/diffbot_system.cpp:134:24:[m[K [01;31m[Kerror: [m[Kâ€˜[01m[Khw_start_sec_[m[Kâ€™ was not declared in this scope
[6.667s]   134 |   for (auto i = 0; i < [01;31m[Khw_start_sec_[m[K; i++)
[6.667s]       |                        [01;31m[K^~~~~~~~~~~~~[m[K
[6.678s] [01m[K/home/orin/ros2_ws/src/my_bot_description/hardware/diffbot_system.cpp:143:25:[m[K [01;31m[Kerror: [m[Kâ€˜[01m[Khw_positions_[m[Kâ€™ was not declared in this scope
[6.678s]   143 |   for (auto i = 0u; i < [01;31m[Khw_positions_[m[K.size(); i++)
[6.679s]       |                         [01;31m[K^~~~~~~~~~~~~[m[K
[6.690s] [01m[K/home/orin/ros2_ws/src/my_bot_description/hardware/diffbot_system.cpp:148:7:[m[K [01;31m[Kerror: [m[Kâ€˜[01m[Khw_velocities_[m[Kâ€™ was not declared in this scope
[6.690s]   148 |       [01;31m[Khw_velocities_[m[K[i] = 0;
[6.690s]       |       [01;31m[K^~~~~~~~~~~~~~[m[K
[6.699s] [01m[K/home/orin/ros2_ws/src/my_bot_description/hardware/diffbot_system.cpp:149:7:[m[K [01;31m[Kerror: [m[Kâ€˜[01m[Khw_commands_[m[Kâ€™ was not declared in this scope
[6.700s]   149 |       [01;31m[Khw_commands_[m[K[i] = 0;
[6.700s]       |       [01;31m[K^~~~~~~~~~~~[m[K
[6.701s] [01m[K/home/orin/ros2_ws/src/my_bot_description/hardware/diffbot_system.cpp:[m[K At global scope:
[6.701s] [01m[K/home/orin/ros2_ws/src/my_bot_description/hardware/diffbot_system.cpp:158:36:[m[K [01;31m[Kerror: [m[Kâ€˜[01m[KDiffBotSystemHardware[m[Kâ€™ has not been declared
[6.702s]   158 | hardware_interface::CallbackReturn [01;31m[KDiffBotSystemHardware[m[K::on_deactivate(
[6.702s]       |                                    [01;31m[K^~~~~~~~~~~~~~~~~~~~~[m[K
[6.714s] [01m[K/home/orin/ros2_ws/src/my_bot_description/hardware/diffbot_system.cpp:[m[K In function â€˜[01m[Khardware_interface::CallbackReturn my_bot_ros2_control::on_deactivate(const rclcpp_lifecycle::State&)[m[Kâ€™:
[6.714s] [01m[K/home/orin/ros2_ws/src/my_bot_description/hardware/diffbot_system.cpp:164:24:[m[K [01;31m[Kerror: [m[Kâ€˜[01m[Khw_stop_sec_[m[Kâ€™ was not declared in this scope
[6.714s]   164 |   for (auto i = 0; i < [01;31m[Khw_stop_sec_[m[K; i++)
[6.715s]       |                        [01;31m[K^~~~~~~~~~~~[m[K
[6.722s] [01m[K/home/orin/ros2_ws/src/my_bot_description/hardware/diffbot_system.cpp:[m[K At global scope:
[6.722s] [01m[K/home/orin/ros2_ws/src/my_bot_description/hardware/diffbot_system.cpp:177:33:[m[K [01;31m[Kerror: [m[Kâ€˜[01m[KDiffBotSystemHardware[m[Kâ€™ has not been declared
[6.722s]   177 | hardware_interface::return_type [01;31m[KDiffBotSystemHardware[m[K::read(
[6.723s]       |                                 [01;31m[K^~~~~~~~~~~~~~~~~~~~~[m[K
[6.728s] [01m[K/home/orin/ros2_ws/src/my_bot_description/hardware/diffbot_system.cpp:[m[K In function â€˜[01m[Khardware_interface::return_type my_bot_ros2_control::read(const rclcpp::Time&, const rclcpp::Duration&)[m[Kâ€™:
[6.729s] [01m[K/home/orin/ros2_ws/src/my_bot_description/hardware/diffbot_system.cpp:181:31:[m[K [01;31m[Kerror: [m[Kâ€˜[01m[Khw_velocities_[m[Kâ€™ was not declared in this scope
[6.730s]   181 |   for (std::size_t i = 0; i < [01;31m[Khw_velocities_[m[K.size(); i++)
[6.730s]       |                               [01;31m[K^~~~~~~~~~~~~~[m[K
[6.739s] [01m[K/home/orin/ros2_ws/src/my_bot_description/hardware/diffbot_system.cpp:186:5:[m[K [01;31m[Kerror: [m[Kâ€˜[01m[Khw_positions_[m[Kâ€™ was not declared in this scope
[6.739s]   186 |     [01;31m[Khw_positions_[m[K[i] = hw_positions_[i] + period.seconds() * hw_velocities_[i];
[6.739s]       |     [01;31m[K^~~~~~~~~~~~~[m[K
[6.747s] In file included from [01m[K/opt/ros/humble/include/rclcpp/rclcpp/logging.hpp:24[m[K,
[6.747s]                  from [01m[K/opt/ros/humble/include/rclcpp/rclcpp/client.hpp:40[m[K,
[6.748s]                  from [01m[K/opt/ros/humble/include/rclcpp/rclcpp/callback_group.hpp:24[m[K,
[6.748s]                  from [01m[K/opt/ros/humble/include/rclcpp/rclcpp/any_executable.hpp:20[m[K,
[6.748s]                  from [01m[K/opt/ros/humble/include/rclcpp/rclcpp/memory_strategy.hpp:25[m[K,
[6.748s]                  from [01m[K/opt/ros/humble/include/rclcpp/rclcpp/memory_strategies.hpp:18[m[K,
[6.748s]                  from [01m[K/opt/ros/humble/include/rclcpp/rclcpp/executor_options.hpp:20[m[K,
[6.749s]                  from [01m[K/opt/ros/humble/include/rclcpp/rclcpp/executor.hpp:37[m[K,
[6.749s]                  from [01m[K/opt/ros/humble/include/rclcpp/rclcpp/executors/multi_threaded_executor.hpp:25[m[K,
[6.749s]                  from [01m[K/opt/ros/humble/include/rclcpp/rclcpp/executors.hpp:21[m[K,
[6.749s]                  from [01m[K/opt/ros/humble/include/rclcpp/rclcpp/rclcpp.hpp:155[m[K,
[6.750s]                  from [01m[K/home/orin/ros2_ws/src/my_bot_description/hardware/diffbot_system.cpp:26[m[K:
[6.750s] [01m[K/home/orin/ros2_ws/src/my_bot_description/hardware/diffbot_system.cpp:191:26:[m[K [01;31m[Kerror: [m[Kâ€˜[01m[Kinfo_[m[Kâ€™ was not declared in this scope
[6.750s]   191 |       hw_velocities_[i], [01;31m[Kinfo_[m[K.joints[i].name.c_str());
[6.751s]       |                          [01;31m[K^~~~~[m[K
[6.751s] [01m[K/home/orin/ros2_ws/src/my_bot_description/hardware/diffbot_system.cpp:[m[K At global scope:
[6.751s] [01m[K/home/orin/ros2_ws/src/my_bot_description/hardware/diffbot_system.cpp:198:55:[m[K [01;31m[Kerror: [m[Kâ€˜[01m[Kmy_bot_ros2_control::DiffBotSystemHardware[m[Kâ€™ has not been declared
[6.751s]   198 | hardware_interface::return_type my_bot_ros2_control ::[01;31m[KDiffBotSystemHardware[m[K::write(
[6.751s]       |                                                       [01;31m[K^~~~~~~~~~~~~~~~~~~~~[m[K
[6.758s] [01m[K/home/orin/ros2_ws/src/my_bot_description/hardware/diffbot_system.cpp:[m[K In function â€˜[01m[Khardware_interface::return_type my_bot_ros2_control::write(const rclcpp::Time&, const rclcpp::Duration&)[m[Kâ€™:
[6.759s] [01m[K/home/orin/ros2_ws/src/my_bot_description/hardware/diffbot_system.cpp:204:25:[m[K [01;31m[Kerror: [m[Kâ€˜[01m[Khw_commands_[m[Kâ€™ was not declared in this scope
[6.759s]   204 |   for (auto i = 0u; i < [01;31m[Khw_commands_[m[K.size(); i++)
[6.759s]       |                         [01;31m[K^~~~~~~~~~~~[m[K
[6.767s] In file included from [01m[K/opt/ros/humble/include/rclcpp/rclcpp/logging.hpp:24[m[K,
[6.767s]                  from [01m[K/opt/ros/humble/include/rclcpp/rclcpp/client.hpp:40[m[K,
[6.767s]                  from [01m[K/opt/ros/humble/include/rclcpp/rclcpp/callback_group.hpp:24[m[K,
[6.768s]                  from [01m[K/opt/ros/humble/include/rclcpp/rclcpp/any_executable.hpp:20[m[K,
[6.768s]                  from [01m[K/opt/ros/humble/include/rclcpp/rclcpp/memory_strategy.hpp:25[m[K,
[6.768s]                  from [01m[K/opt/ros/humble/include/rclcpp/rclcpp/memory_strategies.hpp:18[m[K,
[6.768s]                  from [01m[K/opt/ros/humble/include/rclcpp/rclcpp/executor_options.hpp:20[m[K,
[6.769s]                  from [01m[K/opt/ros/humble/include/rclcpp/rclcpp/executor.hpp:37[m[K,
[6.769s]                  from [01m[K/opt/ros/humble/include/rclcpp/rclcpp/executors/multi_threaded_executor.hpp:25[m[K,
[6.769s]                  from [01m[K/opt/ros/humble/include/rclcpp/rclcpp/executors.hpp:21[m[K,
[6.769s]                  from [01m[K/opt/ros/humble/include/rclcpp/rclcpp/rclcpp.hpp:155[m[K,
[6.769s]                  from [01m[K/home/orin/ros2_ws/src/my_bot_description/hardware/diffbot_system.cpp:26[m[K:
[6.770s] [01m[K/home/orin/ros2_ws/src/my_bot_description/hardware/diffbot_system.cpp:209:7:[m[K [01;31m[Kerror: [m[Kâ€˜[01m[Kinfo_[m[Kâ€™ was not declared in this scope
[6.770s]   209 |       [01;31m[Kinfo_[m[K.joints[i].name.c_str());
[6.770s]       |       [01;31m[K^~~~~[m[K
[6.776s] [01m[K/home/orin/ros2_ws/src/my_bot_description/hardware/diffbot_system.cpp:211:5:[m[K [01;31m[Kerror: [m[Kâ€˜[01m[Khw_velocities_[m[Kâ€™ was not declared in this scope
[6.777s]   211 |     [01;31m[Khw_velocities_[m[K[i] = hw_commands_[i];
[6.777s]       |     [01;31m[K^~~~~~~~~~~~~~[m[K
[6.803s] In file included from [01m[K/opt/ros/humble/include/class_loader/class_loader/class_loader.hpp:56[m[K,
[6.804s]                  from [01m[K/opt/ros/humble/include/pluginlib/pluginlib/class_list_macros.hpp:40[m[K,
[6.804s]                  from [01m[K/home/orin/ros2_ws/src/my_bot_description/hardware/diffbot_system.cpp:221[m[K:
[6.804s] [01m[K/home/orin/ros2_ws/src/my_bot_description/hardware/diffbot_system.cpp:[m[K At global scope:
[6.804s] [01m[K/home/orin/ros2_ws/src/my_bot_description/hardware/diffbot_system.cpp:223:24:[m[K [01;31m[Kerror: [m[Kâ€˜[01m[KDiffBotSystemHardware[m[Kâ€™ in namespace â€˜[01m[Kmy_bot_ros2_control[m[Kâ€™ does not name a type
[6.804s]   223 |   my_bot_ros2_control::[01;31m[KDiffBotSystemHardware[m[K, hardware_interface::SystemInterface)
[6.804s]       |                        [01;31m[K^~~~~~~~~~~~~~~~~~~~~[m[K
[6.822s] [01m[K/home/orin/ros2_ws/src/my_bot_description/hardware/diffbot_system.cpp:[m[K In constructor â€˜[01m[K{anonymous}::ProxyExec0::ProxyExec0()[m[Kâ€™:
[6.823s] [01m[K/home/orin/ros2_ws/src/my_bot_description/hardware/diffbot_system.cpp:222:1:[m[K [01;31m[Kerror: [m[Kâ€˜[01m[K_derived[m[Kâ€™ was not declared in this scope
[6.823s]   222 | [01;31m[KPLUGINLIB_EXPORT_CLASS[m[K(
[6.823s]       | [01;31m[K^~~~~~~~~~~~~~~~~~~~~~[m[K
[6.823s] [01m[K/home/orin/ros2_ws/src/my_bot_description/hardware/diffbot_system.cpp:222:1:[m[K [01;31m[Kerror: [m[Kno matching function for call to â€˜[01m[KregisterPlugin<<expression error>, {anonymous}::ProxyExec0::_base>(const char [43], const char [36])[m[Kâ€™
[6.823s]   222 | [01;31m[KPLUGINLIB_EXPORT_CLASS[m[K(
[6.823s]       | [01;31m[K^~~~~~~~~~~~~~~~~~~~~~[m[K
[6.824s] In file included from [01m[K/opt/ros/humble/include/class_loader/class_loader/class_loader.hpp:55[m[K,
[6.824s]                  from [01m[K/opt/ros/humble/include/pluginlib/pluginlib/class_list_macros.hpp:40[m[K,
[6.824s]                  from [01m[K/home/orin/ros2_ws/src/my_bot_description/hardware/diffbot_system.cpp:221[m[K:
[6.824s] [01m[K/opt/ros/humble/include/class_loader/class_loader/class_loader_core.hpp:210:6:[m[K [01;36m[Knote: [m[Kcandidate: â€˜[01m[Ktemplate<class Derived, class Base> void class_loader::impl::registerPlugin(const string&, const string&)[m[Kâ€™
[6.824s]   210 | void [01;36m[KregisterPlugin[m[K(const std::string & class_name, const std::string & base_class_name)
[6.824s]       |      [01;36m[K^~~~~~~~~~~~~~[m[K
[6.824s] [01m[K/opt/ros/humble/include/class_loader/class_loader/class_loader_core.hpp:210:6:[m[K [01;36m[Knote: [m[K  template argument deduction/substitution failed:
[6.824s] In file included from [01m[K/opt/ros/humble/include/class_loader/class_loader/class_loader.hpp:56[m[K,
[6.825s]                  from [01m[K/opt/ros/humble/include/pluginlib/pluginlib/class_list_macros.hpp:40[m[K,
[6.825s]                  from [01m[K/home/orin/ros2_ws/src/my_bot_description/hardware/diffbot_system.cpp:221[m[K:
[6.825s] [01m[K/home/orin/ros2_ws/src/my_bot_description/hardware/diffbot_system.cpp:222:1:[m[K [01;31m[Kerror: [m[Ktemplate argument 1 is invalid
[6.825s]   222 | [01;31m[KPLUGINLIB_EXPORT_CLASS[m[K(
[6.833s]       | [01;31m[K^~~~~~~~~~~~~~~~~~~~~~[m[K
[8.004s] gmake[2]: *** [CMakeFiles/my_bot_description.dir/build.make:76: CMakeFiles/my_bot_description.dir/hardware/diffbot_system.cpp.o] Error 1
[8.005s] gmake[1]: *** [CMakeFiles/Makefile2:137: CMakeFiles/my_bot_description.dir/all] Error 2
[8.005s] gmake: *** [Makefile:146: all] Error 2
[8.014s] Invoked command in '/home/orin/ros2_ws/build/my_bot_description' returned '2': CMAKE_PREFIX_PATH=/home/orin/ros2_ws/install/sllidar_ros2:/home/orin/ros2_ws/install/ros2_control_demos:/home/orin/ros2_ws/install/ros2_control_demo_example_9:/home/orin/ros2_ws/install/ros2_control_demo_example_8:/home/orin/ros2_ws/install/ros2_control_demo_example_7:/home/orin/ros2_ws/install/ros2_control_demo_example_6:/home/orin/ros2_ws/install/ros2_control_demo_example_15:/home/orin/ros2_ws/install/ros2_control_demo_example_13:/home/orin/ros2_ws/install/ros2_control_demo_example_5:/home/orin/ros2_ws/install/ros2_control_demo_example_4:/home/orin/ros2_ws/install/ros2_control_demo_example_3:/home/orin/ros2_ws/install/ros2_control_demo_example_2:/home/orin/ros2_ws/install/ros2_control_demo_example_14:/home/orin/ros2_ws/install/ros2_control_demo_example_12:/home/orin/ros2_ws/install/ros2_control_demo_example_11:/home/orin/ros2_ws/install/ros2_control_demo_example_10:/home/orin/ros2_ws/install/ros2_control_demo_example_1:/home/orin/ros2_ws/install/ros2_control_demo_description:/home/orin/ros2_ws/install/my_bot_imu:/home/orin/ros2_ws/install/my_bot_description:/home/orin/ros2_ws/install/wheel_encoder_odometry:/home/orin/ros2_ws/install/ros2_control_demo_testing:/home/orin/ros2_ws/install/launch_testing_examples:/home/orin/ros2_ws/install/hcsr04_sensor:/home/orin/ros2_ws/install/examples_rclpy_pointcloud_publisher:/home/orin/ros2_ws/install/examples_rclpy_minimal_subscriber:/home/orin/ros2_ws/install/examples_rclpy_minimal_service:/home/orin/ros2_ws/install/examples_rclpy_minimal_publisher:/home/orin/ros2_ws/install/examples_rclpy_minimal_client:/home/orin/ros2_ws/install/examples_rclpy_minimal_action_server:/home/orin/ros2_ws/install/examples_rclpy_minimal_action_client:/home/orin/ros2_ws/install/examples_rclpy_guard_conditions:/home/orin/ros2_ws/install/examples_rclpy_executors:/home/orin/ros2_ws/install/encoder_ultrasonic_package:/home/orin/ros2_ws/install/arduino_odometry:/home/orin/ros2_ws/install/arduino_encoder_odom:/opt/ros/humble:/home/orin/ros2_ws/install/mobile_robot_description:/home/orin/ros2_ws/install/image_geometry:/home/orin/ros2_ws/install/gazebo_dev:/home/orin/ros2_ws/install/examples_rclcpp_wait_set:/home/orin/ros2_ws/install/examples_rclcpp_multithreaded_executor:/home/orin/ros2_ws/install/examples_rclcpp_minimal_timer:/home/orin/ros2_ws/install/examples_rclcpp_minimal_subscriber:/home/orin/ros2_ws/install/examples_rclcpp_minimal_service:/home/orin/ros2_ws/install/examples_rclcpp_minimal_publisher:/home/orin/ros2_ws/install/examples_rclcpp_minimal_composition:/home/orin/ros2_ws/install/examples_rclcpp_minimal_client:/home/orin/ros2_ws/install/examples_rclcpp_minimal_action_server:/home/orin/ros2_ws/install/examples_rclcpp_minimal_action_client:/home/orin/ros2_ws/install/examples_rclcpp_cbg_executor:/home/orin/ros2_ws/install/examples_rclcpp_async_client:/home/orin/ros2_ws/install/diffdrive_arduino:/home/orin/ros2_ws/install/diffbot_description:/home/orin/ros2_ws/install/depthai-ros:/home/orin/ros2_ws/install/depthai_ros_driver:/home/orin/ros2_ws/install/depthai_filters:/home/orin/ros2_ws/install/depthai_examples:/home/orin/ros2_ws/install/depthai_bridge:/home/orin/ros2_ws/install/depthai_ros_msgs:/home/orin/ros2_ws/install/depthai_descriptions:/home/orin/ros2_ws/install/cv_bridge:/home/orin/ros2_ws/install/articubot_one:/home/orin/ros2_ws/install/arduino_serial_comm /usr/bin/cmake --build /home/orin/ros2_ws/build/my_bot_description -- -j6 -l6
